Log file open, 04/11/17 13:54:30
LogInit:Display: Running engine for game: Survive
LogPlatformFile: Not using cached read wrapper
LogInit:Display: RandInit(-1553494805) SRandInit(-1553494805).
LogTaskGraph: Started task graph with 5 named threads and 8 total threads with 1 sets of task threads.
LogStats: Stats thread started at 0.066170
LogInit: Using libcurl 7.47.1
LogInit:  - built for x86_64-pc-win32
LogInit:  - supports SSL with OpenSSL/1.0.2g
LogInit:  - supports HTTP deflate (compression) using libz 1.2.8
LogInit:  - other features:
LogInit:      CURL_VERSION_SSL
LogInit:      CURL_VERSION_LIBZ
LogInit:      CURL_VERSION_IPV6
LogInit:      CURL_VERSION_ASYNCHDNS
LogInit:      CURL_VERSION_LARGEFILE
LogInit:      CURL_VERSION_IDN
LogInit:  CurlRequestOptions (configurable via config and command line):
LogInit:  - bVerifyPeer = false  - Libcurl will NOT verify peer certificate
LogInit:  - bUseHttpProxy = false  - Libcurl will NOT use HTTP proxy
LogInit:  - bDontReuseConnections = false  - Libcurl will reuse connections
LogInit:  - CertBundlePath = nullptr  - Libcurl will use whatever was configured at build time.
OCULUS: Info: [CAPI] LibOVR module is located at C:\Program Files\Oculus\Support\oculus-runtime\LibOVRRT64_1.dll
OCULUS: Debug: Connected to the server running version (prod = 1).1.13.0(build = 361842) feature version = 0. Client runs version (prod = 1).1.13.0(build = 361842) feature version = 0
LogHMD: GearVR: Emulating GearVR using Oculus Rift!
LogInit: Build: ++UE4+Release-4.15-CL-3348071
LogInit: Engine Version: 4.15.1-3348071+++UE4+Release-4.15
LogInit: Compatible Engine Version: 4.15.0-3299760+++UE4+Release-4.15
LogInit: Net CL: 3299760
LogDevObjectVersion: Number of dev versions registered: 14
LogDevObjectVersion:   Dev-Blueprints (B0D832E4-1F89-4F0D-ACCF-7EB736FD4AA2): 8
LogDevObjectVersion:   Dev-Build (E1C64328-A22C-4D53-A36C-8E866417BD8C): 0
LogDevObjectVersion:   Dev-Core (375EC13C-06E4-48FB-B500-84F0262A717E): 2
LogDevObjectVersion:   Dev-Editor (E4B068ED-F494-42E9-A231-DA0B2E46BB41): 14
LogDevObjectVersion:   Dev-Framework (CFFC743F-43B0-4480-9391-14DF171D2073): 22
LogDevObjectVersion:   Dev-Mobile (B02B49B5-BB20-44E9-A304-32B752E40360): 0
LogDevObjectVersion:   Dev-Networking (A4E4105C-59A1-49B5-A7C5-40C4547EDFEE): 0
LogDevObjectVersion:   Dev-Online (39C831C9-5AE6-47DC-9A44-9C173E1C8E7C): 0
LogDevObjectVersion:   Dev-Physics (78F01B33-EBEA-4F98-B9B4-84EACCB95AA2): 0
LogDevObjectVersion:   Dev-Platform (6631380F-2D4D-43E0-8009-CF276956A95A): 0
LogDevObjectVersion:   Dev-Rendering (12F88B9F-8875-4AFC-A67C-D90C383ABD29): 12
LogDevObjectVersion:   Dev-Sequencer (7B5AE74C-D270-4C10-A958-57980B212A5A): 3
LogDevObjectVersion:   Dev-VR (D7296918-1DD6-4BDD-9DE2-64A83CC13884): 0
LogDevObjectVersion:   Dev-LoadTimes (C2A15278-BFE7-4AFE-6C17-90FF531DF755): 1
LogInit: Compiled (64-bit): Mar 15 2017 16:52:47
LogInit: Compiled with Visual C++: 19.00.23026.00
LogInit: Build Configuration: Development
LogInit: Branch Name: ++UE4+Release-4.15
LogInit: Command line: -EpicPortal 
LogInit: Base directory: C:/SupremeLeader/Utilities/Epic Games/4.15/UE_4.15/Engine/Binaries/Win64/
LogInit: Installed Engine Build: 1
LogInit: Presizing for max 8388607 objects, including 0 objects not considered by GC, pre-allocating 0 bytes for permanent pool.
LogInit: Object subsystem initialized
[2017.04.11-12.54.31:430][  0]LogInit: Selected Device Profile: [Windows]
[2017.04.11-12.54.31:430][  0]LogInit: Applying CVar settings loaded from the selected device profile: [Windows]
[2017.04.11-12.54.31:512][  0]LogInit: Computer: SUPREMELEADER
[2017.04.11-12.54.31:512][  0]LogInit: User: thisi
[2017.04.11-12.54.31:512][  0]LogInit: CPU Page size=65536, Cores=4
[2017.04.11-12.54.31:512][  0]LogInit: High frequency timer resolution =3.421878 MHz
[2017.04.11-12.54.31:513][  0]LogMemory: Memory total: Physical=15.9GB (16GB approx)
[2017.04.11-12.54.31:513][  0]LogMemory: Platform Memory Stats for Windows
[2017.04.11-12.54.31:513][  0]LogMemory: Process Physical Memory: 267.95 MB used, 267.95 MB peak
[2017.04.11-12.54.31:513][  0]LogMemory: Process Virtual Memory: 265.70 MB used, 265.70 MB peak
[2017.04.11-12.54.31:513][  0]LogMemory: Physical Memory: 12750.24 MB used,  3578.94 MB free, 16329.18 MB total
[2017.04.11-12.54.31:513][  0]LogMemory: Virtual Memory: 683.28 MB used,  3578.94 MB free, 134217728.00 MB total
[2017.04.11-12.54.31:579][  0]LogTextLocalizationManager: No specific translations for ('en-GB') exist, so ('en') translations will be used.
[2017.04.11-12.54.32:026][  0]LogD3D11RHI: D3D11 adapters:
[2017.04.11-12.54.32:452][  0]LogD3D11RHI:    0. 'NVIDIA GeForce GTX 1060 6GB' (Feature Level 11_0)
[2017.04.11-12.54.32:452][  0]LogD3D11RHI:       6084/0/8164 MB DedicatedVideo/DedicatedSystem/SharedSystem, Outputs:1, VendorId:0x10de
[2017.04.11-12.54.32:453][  0]LogD3D11RHI:    1. 'Microsoft Basic Render Driver' (Feature Level 11_0)
[2017.04.11-12.54.32:453][  0]LogD3D11RHI:       0/0/8164 MB DedicatedVideo/DedicatedSystem/SharedSystem, Outputs:0, VendorId:0x1414
[2017.04.11-12.54.32:453][  0]LogD3D11RHI: Chosen D3D11 Adapter: 0
[2017.04.11-12.54.32:457][  0]LogD3D11RHI: Creating new Direct3DDevice
[2017.04.11-12.54.32:457][  0]LogD3D11RHI:     GPU DeviceId: 0x1c03 (for the marketing name, search the web for "GPU Device Id")
[2017.04.11-12.54.32:457][  0]LogWindows: EnumDisplayDevices:
[2017.04.11-12.54.32:458][  0]LogWindows:    0. 'NVIDIA GeForce GTX 1060 6GB' (P:1 D:1)
[2017.04.11-12.54.32:458][  0]LogWindows:    1. 'NVIDIA GeForce GTX 1060 6GB' (P:0 D:0)
[2017.04.11-12.54.32:458][  0]LogWindows:    2. 'NVIDIA GeForce GTX 1060 6GB' (P:0 D:0)
[2017.04.11-12.54.32:458][  0]LogWindows:    3. 'NVIDIA GeForce GTX 1060 6GB' (P:0 D:0)
[2017.04.11-12.54.32:458][  0]LogWindows: DebugString: FoundDriverCount:4 
[2017.04.11-12.54.32:458][  0]LogD3D11RHI:     Adapter Name: NVIDIA GeForce GTX 1060 6GB
[2017.04.11-12.54.32:458][  0]LogD3D11RHI:   Driver Version: 378.49 (internal:21.21.13.7849, unified:378.49)
[2017.04.11-12.54.32:458][  0]LogD3D11RHI:      Driver Date: 1-20-2017
[2017.04.11-12.54.32:458][  0]LogRHI: Texture pool is 1361 MB (70% of 1945 MB)
[2017.04.11-12.54.32:857][  0]LogD3D11RHI: Async texture creation enabled
[2017.04.11-12.54.32:866][  0]LogD3D11RHI: GPU Timing Frequency: 1000.000000 (Debug: 2 1)
[2017.04.11-12.54.32:914][  0]LogShaderCompilers: Guid format shader working directory is -16 characters bigger than the processId version (../../../../../../../Games Design/UbisoftWorld/Unreal/Survive/Intermediate/Shaders/WorkingDirectory/14280/).
[2017.04.11-12.54.32:914][  0]LogShaderCompilers: Cleaned the shader compiler working directory 'C:/Users/thisi/AppData/Local/Temp/UnrealShaderWorkingDir/07E73B4A48F2CE10CF553BA743B8981D/'.
[2017.04.11-12.54.32:914][  0]LogShaderCompilers:Display: Using Local Shader Compiler.
[2017.04.11-12.54.34:063][  0]LogTemp:Display: Loaded TP AllDesktopTargetPlatform
[2017.04.11-12.54.34:121][  0]LogTemp:Display: Loaded TP MacClientTargetPlatform
[2017.04.11-12.54.34:169][  0]LogTemp:Display: Loaded TP MacNoEditorTargetPlatform
[2017.04.11-12.54.34:212][  0]LogTemp:Display: Loaded TP MacServerTargetPlatform
[2017.04.11-12.54.34:257][  0]LogTemp:Display: Loaded TP MacTargetPlatform
[2017.04.11-12.54.34:305][  0]LogTemp:Display: Loaded TP WindowsClientTargetPlatform
[2017.04.11-12.54.34:358][  0]LogTemp:Display: Loaded TP WindowsNoEditorTargetPlatform
[2017.04.11-12.54.34:416][  0]LogTemp:Display: Loaded TP WindowsServerTargetPlatform
[2017.04.11-12.54.34:457][  0]LogTemp:Display: Loaded TP WindowsTargetPlatform
[2017.04.11-12.54.34:507][  0]LogTemp:Display: Loaded TP AndroidTargetPlatform
[2017.04.11-12.54.34:549][  0]LogTemp:Display: Loaded TP Android_ASTCTargetPlatform
[2017.04.11-12.54.34:591][  0]LogTemp:Display: Loaded TP Android_ATCTargetPlatform
[2017.04.11-12.54.34:633][  0]LogTemp:Display: Loaded TP Android_DXTTargetPlatform
[2017.04.11-12.54.34:700][  0]LogTemp:Display: Loaded TP Android_ETC1TargetPlatform
[2017.04.11-12.54.34:776][  0]LogTemp:Display: Loaded TP Android_ETC2TargetPlatform
[2017.04.11-12.54.34:866][  0]LogTemp:Display: Loaded TP Android_MultiTargetPlatform
[2017.04.11-12.54.34:866][  0]LogTemp:Display: Loaded TP Android_PVRTCTargetPlatform
[2017.04.11-12.54.34:897][  0]LogTemp:Display: Loaded TP HTML5TargetPlatform
[2017.04.11-12.54.35:073][  0]LogTemp:Display: Loaded TP IOSTargetPlatform
[2017.04.11-12.54.35:101][  0]LogTemp:Display: Loaded TP TVOSTargetPlatform
[2017.04.11-12.54.35:150][  0]LogTemp:Display: Loaded TP LinuxClientTargetPlatform
[2017.04.11-12.54.35:192][  0]LogTemp:Display: Loaded TP LinuxNoEditorTargetPlatform
[2017.04.11-12.54.35:234][  0]LogTemp:Display: Loaded TP LinuxServerTargetPlatform
[2017.04.11-12.54.35:350][  0]LogTemp:Display: Loaded TP LinuxTargetPlatform
[2017.04.11-12.54.35:350][  0]LogTargetPlatformManager:Display: Building Assets For Windows
[2017.04.11-12.54.35:725][  0]LogDerivedDataCache:Display: Max Cache Size: 512 MB
[2017.04.11-12.54.36:902][  0]LogDerivedDataCache: Loaded boot cache 1.18s 50MB C:/Users/thisi/AppData/Local/UnrealEngine/4.15/DerivedDataCache/Boot.ddc.
[2017.04.11-12.54.36:902][  0]LogDerivedDataCache:Display: Loaded Boot cache: C:/Users/thisi/AppData/Local/UnrealEngine/4.15/DerivedDataCache/Boot.ddc
[2017.04.11-12.54.36:902][  0]LogDerivedDataCache: FDerivedDataBackendGraph:  Pak pak cache file ../../../../../../../Games Design/UbisoftWorld/Unreal/Survive/DerivedDataCache/DDC.ddp not found, will not use a pak cache.
[2017.04.11-12.54.36:902][  0]LogDerivedDataCache: Unable to find inner node Pak for hierarchical cache Hierarchy.
[2017.04.11-12.54.36:902][  0]LogDerivedDataCache: FDerivedDataBackendGraph:  CompressedPak pak cache file ../../../../../../../Games Design/UbisoftWorld/Unreal/Survive/DerivedDataCache/Compressed.ddp not found, will not use a pak cache.
[2017.04.11-12.54.36:902][  0]LogDerivedDataCache: Unable to find inner node CompressedPak for hierarchical cache Hierarchy.
[2017.04.11-12.54.36:915][  0]LogDerivedDataCache:Display: Pak cache opened for reading ../../../Engine/DerivedDataCache/Compressed.ddp.
[2017.04.11-12.54.36:927][  0]LogDerivedDataCache: Using Local data cache path C:/Users/thisi/AppData/Local/UnrealEngine/Common/DerivedDataCache: Writable
[2017.04.11-12.54.36:934][  0]LogSlate: Using Freetype 2.6.0
[2017.04.11-12.54.36:970][  0]LogSlate: SlateFontCache - WITH_FREETYPE: 1, WITH_HARFBUZZ: 1
[2017.04.11-12.54.36:970][  0]LogSlate: SlateFontCache - WITH_FREETYPE: 1, WITH_HARFBUZZ: 1
[2017.04.11-12.54.41:725][  0]LogInit: Selected Device Profile: [Windows]
[2017.04.11-12.54.41:727][  0]LogContentStreaming: Texture pool size is 0.00 MB
[2017.04.11-12.54.42:027][  0]OCULUS: Info: [HMDState] Requested to SetForegroundWindow(507acll)
[2017.04.11-12.54.42:027][  0]LogMeshUtilities: Using QuadricMeshReduction for automatic static mesh reduction
[2017.04.11-12.54.42:062][  0]LogSimplygon: Simplygon DLL not present - disabling.
[2017.04.11-12.54.42:129][  0]LogMeshUtilities: Using SimplygonSwarm for distributed automatic mesh merging
[2017.04.11-12.54.42:129][  0]LogMeshUtilities: No automatic skeletal mesh reduction module available
[2017.04.11-12.54.42:129][  0]LogMeshUtilities: No automatic mesh merging module available
[2017.04.11-12.54.45:056][  0]LogNetVersion: GetLocalNetworkVersion: CL: 3299760, ProjectName: survive, ProjectVersion: , EngineNetworkVersion: 2, GameNetworkVersion: 0, NetworkChecksum: 4243849369
[2017.04.11-12.54.45:098][  0]LogAssetRegistry: FAssetRegistry took 0.0213 seconds to start up
[2017.04.11-12.54.45:149][  0]LogPackageLocalizationCache: Processed 3 localized package path(s) for 2 prioritized culture(s) in 0.030853 seconds
[2017.04.11-12.54.45:154][  0]LogUObjectArray: 32493 objects as part of root set at end of initial load.
[2017.04.11-12.54.45:154][  0]LogUObjectAllocator: 7077024 out of 0 bytes used by permanent object pool.
[2017.04.11-12.54.45:154][  0]LogUObjectArray: CloseDisregardForGC: 0/0 objects in disregard for GC pool
[2017.04.11-12.54.45:207][  0]LogInit: WinSock: version 1.1 (2.2), MaxSocks=32767, MaxUdp=65467
[2017.04.11-12.55.29:266][  0]LogTcpMessaging: Initializing TcpMessaging bridge
[2017.04.11-12.55.29:319][  0]LogUdpMessaging: Initializing bridge on interface 0.0.0.0:0 to multicast group 230.0.0.1:6666.
[2017.04.11-12.55.30:655][  0]LogMaterial: Uniform references updated for custom material expression Custom.
[2017.04.11-12.55.30:975][  0]SourceControl: Info Source control is disabled
[2017.04.11-12.55.30:976][  0]SourceControl: Info Source control is disabled
[2017.04.11-12.55.31:014][  0]SourceControl: Info Source control is disabled
[2017.04.11-12.55.31:052][  0]SourceControl: Info Source control is disabled
[2017.04.11-12.55.32:857][  0]LogEngine: Initializing Engine...
[2017.04.11-12.55.33:871][  0]OCULUS: Info: [HMDState] Requested to SetForegroundWindow(507acll)
[2017.04.11-12.55.33:871][  0]LogHMD: Failed to initialize OpenVR with code 108
[2017.04.11-12.55.33:871][  0]LogHMD: Oculus plugin initialized. Version: 4.15.1-3348071+++UE4+Release-4.15, LibOVR: 1.13.0, SDK: 1.10.0, built Mar 15 2017, 16:59:09
[2017.04.11-12.55.33:951][  0]OCULUS: Info: [HMDState] Requested to SetForegroundWindow(507acll)
[2017.04.11-12.55.34:056][  0]LogAIModule: Creating AISystem for world Untitled
[2017.04.11-12.55.34:065][  0]LogInit: XAudio2 using 'Headphones (High Definition Audio Device)' : 2 channels at 44.1 kHz using 16 bits per sample (channel mask 0x3)
[2017.04.11-12.55.34:073][  0]LogInit: FAudioDevice initialized.
[2017.04.11-12.55.34:103][  0]LogDerivedDataCache: Saved boot cache 0.03s 50MB C:/Users/thisi/AppData/Local/UnrealEngine/4.15/DerivedDataCache/Boot.ddc.
[2017.04.11-12.55.34:145][  0]LogInit: Texture streaming: Enabled
[2017.04.11-12.55.34:226][  0]LogEngineSessionManager: EngineSessionManager initialized
[2017.04.11-12.55.34:404][  0]LogInit: Transaction tracking system initialized
[2017.04.11-12.55.34:705][  0]BlueprintLog: New page: Editor Load
[2017.04.11-12.55.35:058][  0]OCULUS: Info: [HMDState] Requested to SetForegroundWindow(507acll)
[2017.04.11-12.55.35:658][  0]LocalizationService: Info Localization service is disabled
[2017.04.11-12.55.37:625][  0]LogConsoleResponse:Display: 
[2017.04.11-12.55.37:810][  0]LogCook:Display: Max memory allowance for cook 16384mb min free memory 0mb
[2017.04.11-12.55.37:810][  0]LogCook:Display: Mobile HDR setting 1
[2017.04.11-12.55.38:037][  0]LogFileCache: Scanning file cache for directory 'C:/SupremeLeader/Games Design/UbisoftWorld/Unreal/Survive/Content/' took 0.01s
[2017.04.11-12.55.39:393][  0]SourceControl: Info Source control is disabled
[2017.04.11-12.55.39:470][  0]LogFactory: FactoryCreateFile: PackFactory with PackFactory (0 0 C:/SupremeLeader/Utilities/Epic Games/4.15/UE_4.15/FeaturePacks/StarterContent.upack)
[2017.04.11-12.55.39:738][  0]LogPackFactory: Finished extracting 8 files (including 0 errors).
[2017.04.11-12.55.39:866][  0]LogPackFactory: Copied "../../../Samples/StarterContent/Content/StarterContent/Architecture/Floor_400x400.uasset" to "../../../../../../../Games Design/UbisoftWorld/Unreal/Survive/Content/StarterContent/Architecture/Floor_400x400.uasset"
[2017.04.11-12.55.39:887][  0]LogPackFactory: Copied "../../../Samples/StarterContent/Content/StarterContent/Architecture/Pillar_50x500.uasset" to "../../../../../../../Games Design/UbisoftWorld/Unreal/Survive/Content/StarterContent/Architecture/Pillar_50x500.uasset"
[2017.04.11-12.55.39:911][  0]LogPackFactory: Copied "../../../Samples/StarterContent/Content/StarterContent/Architecture/SM_AssetPlatform.uasset" to "../../../../../../../Games Design/UbisoftWorld/Unreal/Survive/Content/StarterContent/Architecture/SM_AssetPlatform.uasset"
[2017.04.11-12.55.39:916][  0]LogPackFactory: Copied "../../../Samples/StarterContent/Content/StarterContent/Architecture/Wall_400x200.uasset" to "../../../../../../../Games Design/UbisoftWorld/Unreal/Survive/Content/StarterContent/Architecture/Wall_400x200.uasset"
[2017.04.11-12.55.39:958][  0]LogPackFactory: Copied "../../../Samples/StarterContent/Content/StarterContent/Architecture/Wall_400x300.uasset" to "../../../../../../../Games Design/UbisoftWorld/Unreal/Survive/Content/StarterContent/Architecture/Wall_400x300.uasset"
[2017.04.11-12.55.39:982][  0]LogPackFactory: Copied "../../../Samples/StarterContent/Content/StarterContent/Architecture/Wall_400x400.uasset" to "../../../../../../../Games Design/UbisoftWorld/Unreal/Survive/Content/StarterContent/Architecture/Wall_400x400.uasset"
[2017.04.11-12.55.39:991][  0]LogPackFactory: Copied "../../../Samples/StarterContent/Content/StarterContent/Architecture/Wall_500x500.uasset" to "../../../../../../../Games Design/UbisoftWorld/Unreal/Survive/Content/StarterContent/Architecture/Wall_500x500.uasset"
[2017.04.11-12.55.40:059][  0]LogPackFactory: Copied "../../../Samples/StarterContent/Content/StarterContent/Architecture/Wall_Door_400x300.uasset" to "../../../../../../../Games Design/UbisoftWorld/Unreal/Survive/Content/StarterContent/Architecture/Wall_Door_400x300.uasset"
[2017.04.11-12.55.40:111][  0]LogPackFactory: Copied "../../../Samples/StarterContent/Content/StarterContent/Architecture/Wall_Door_400x400.uasset" to "../../../../../../../Games Design/UbisoftWorld/Unreal/Survive/Content/StarterContent/Architecture/Wall_Door_400x400.uasset"
[2017.04.11-12.55.40:133][  0]LogPackFactory: Copied "../../../Samples/StarterContent/Content/StarterContent/Architecture/Wall_Window_400x300.uasset" to "../../../../../../../Games Design/UbisoftWorld/Unreal/Survive/Content/StarterContent/Architecture/Wall_Window_400x300.uasset"
[2017.04.11-12.55.40:172][  0]LogPackFactory: Copied "../../../Samples/StarterContent/Content/StarterContent/Architecture/Wall_Window_400x400.uasset" to "../../../../../../../Games Design/UbisoftWorld/Unreal/Survive/Content/StarterContent/Architecture/Wall_Window_400x400.uasset"
[2017.04.11-12.55.40:205][  0]LogPackFactory: Copied "../../../Samples/StarterContent/Content/StarterContent/Audio/Collapse01.uasset" to "../../../../../../../Games Design/UbisoftWorld/Unreal/Survive/Content/StarterContent/Audio/Collapse01.uasset"
[2017.04.11-12.55.40:232][  0]LogPackFactory: Copied "../../../Samples/StarterContent/Content/StarterContent/Audio/Collapse02.uasset" to "../../../../../../../Games Design/UbisoftWorld/Unreal/Survive/Content/StarterContent/Audio/Collapse02.uasset"
[2017.04.11-12.55.40:253][  0]LogPackFactory: Copied "../../../Samples/StarterContent/Content/StarterContent/Audio/Collapse_Cue.uasset" to "../../../../../../../Games Design/UbisoftWorld/Unreal/Survive/Content/StarterContent/Audio/Collapse_Cue.uasset"
[2017.04.11-12.55.40:304][  0]LogPackFactory: Copied "../../../Samples/StarterContent/Content/StarterContent/Audio/Explosion01.uasset" to "../../../../../../../Games Design/UbisoftWorld/Unreal/Survive/Content/StarterContent/Audio/Explosion01.uasset"
[2017.04.11-12.55.40:335][  0]LogPackFactory: Copied "../../../Samples/StarterContent/Content/StarterContent/Audio/Explosion02.uasset" to "../../../../../../../Games Design/UbisoftWorld/Unreal/Survive/Content/StarterContent/Audio/Explosion02.uasset"
[2017.04.11-12.55.40:350][  0]LogPackFactory: Copied "../../../Samples/StarterContent/Content/StarterContent/Audio/Explosion_Cue.uasset" to "../../../../../../../Games Design/UbisoftWorld/Unreal/Survive/Content/StarterContent/Audio/Explosion_Cue.uasset"
[2017.04.11-12.55.40:408][  0]LogPackFactory: Copied "../../../Samples/StarterContent/Content/StarterContent/Audio/Fire01.uasset" to "../../../../../../../Games Design/UbisoftWorld/Unreal/Survive/Content/StarterContent/Audio/Fire01.uasset"
[2017.04.11-12.55.40:436][  0]LogPackFactory: Copied "../../../Samples/StarterContent/Content/StarterContent/Audio/Fire01_Cue.uasset" to "../../../../../../../Games Design/UbisoftWorld/Unreal/Survive/Content/StarterContent/Audio/Fire01_Cue.uasset"
[2017.04.11-12.55.40:599][  0]LogPackFactory: Copied "../../../Samples/StarterContent/Content/StarterContent/Audio/Fire_Sparks01.uasset" to "../../../../../../../Games Design/UbisoftWorld/Unreal/Survive/Content/StarterContent/Audio/Fire_Sparks01.uasset"
[2017.04.11-12.55.40:619][  0]LogPackFactory: Copied "../../../Samples/StarterContent/Content/StarterContent/Audio/Fire_Sparks01_Cue.uasset" to "../../../../../../../Games Design/UbisoftWorld/Unreal/Survive/Content/StarterContent/Audio/Fire_Sparks01_Cue.uasset"
[2017.04.11-12.55.40:655][  0]LogPackFactory: Copied "../../../Samples/StarterContent/Content/StarterContent/Audio/Light01.uasset" to "../../../../../../../Games Design/UbisoftWorld/Unreal/Survive/Content/StarterContent/Audio/Light01.uasset"
[2017.04.11-12.55.40:667][  0]LogPackFactory: Copied "../../../Samples/StarterContent/Content/StarterContent/Audio/Light01_Cue.uasset" to "../../../../../../../Games Design/UbisoftWorld/Unreal/Survive/Content/StarterContent/Audio/Light01_Cue.uasset"
[2017.04.11-12.55.40:686][  0]LogPackFactory: Copied "../../../Samples/StarterContent/Content/StarterContent/Audio/Light02.uasset" to "../../../../../../../Games Design/UbisoftWorld/Unreal/Survive/Content/StarterContent/Audio/Light02.uasset"
[2017.04.11-12.55.40:689][  0]LogPackFactory: Copied "../../../Samples/StarterContent/Content/StarterContent/Audio/Light02_Cue.uasset" to "../../../../../../../Games Design/UbisoftWorld/Unreal/Survive/Content/StarterContent/Audio/Light02_Cue.uasset"
[2017.04.11-12.55.40:794][  0]LogPackFactory: Copied "../../../Samples/StarterContent/Content/StarterContent/Audio/Smoke01.uasset" to "../../../../../../../Games Design/UbisoftWorld/Unreal/Survive/Content/StarterContent/Audio/Smoke01.uasset"
[2017.04.11-12.55.40:846][  0]LogPackFactory: Copied "../../../Samples/StarterContent/Content/StarterContent/Audio/Smoke01_Cue.uasset" to "../../../../../../../Games Design/UbisoftWorld/Unreal/Survive/Content/StarterContent/Audio/Smoke01_Cue.uasset"
[2017.04.11-12.55.40:869][  0]LogPackFactory: Copied "../../../Samples/StarterContent/Content/StarterContent/Audio/Starter_Background_Cue.uasset" to "../../../../../../../Games Design/UbisoftWorld/Unreal/Survive/Content/StarterContent/Audio/Starter_Background_Cue.uasset"
[2017.04.11-12.55.40:917][  0]LogPackFactory: Copied "../../../Samples/StarterContent/Content/StarterContent/Audio/Starter_Birds01.uasset" to "../../../../../../../Games Design/UbisoftWorld/Unreal/Survive/Content/StarterContent/Audio/Starter_Birds01.uasset"
[2017.04.11-12.55.41:042][  0]LogPackFactory: Copied "../../../Samples/StarterContent/Content/StarterContent/Audio/Starter_Music01.uasset" to "../../../../../../../Games Design/UbisoftWorld/Unreal/Survive/Content/StarterContent/Audio/Starter_Music01.uasset"
[2017.04.11-12.55.41:045][  0]LogPackFactory: Copied "../../../Samples/StarterContent/Content/StarterContent/Audio/Starter_Music_Cue.uasset" to "../../../../../../../Games Design/UbisoftWorld/Unreal/Survive/Content/StarterContent/Audio/Starter_Music_Cue.uasset"
[2017.04.11-12.55.41:147][  0]LogPackFactory: Copied "../../../Samples/StarterContent/Content/StarterContent/Audio/Starter_Wind05.uasset" to "../../../../../../../Games Design/UbisoftWorld/Unreal/Survive/Content/StarterContent/Audio/Starter_Wind05.uasset"
[2017.04.11-12.55.41:235][  0]LogPackFactory: Copied "../../../Samples/StarterContent/Content/StarterContent/Audio/Starter_Wind06.uasset" to "../../../../../../../Games Design/UbisoftWorld/Unreal/Survive/Content/StarterContent/Audio/Starter_Wind06.uasset"
[2017.04.11-12.55.41:303][  0]LogPackFactory: Copied "../../../Samples/StarterContent/Content/StarterContent/Audio/Steam01.uasset" to "../../../../../../../Games Design/UbisoftWorld/Unreal/Survive/Content/StarterContent/Audio/Steam01.uasset"
[2017.04.11-12.55.41:344][  0]LogPackFactory: Copied "../../../Samples/StarterContent/Content/StarterContent/Audio/Steam01_Cue.uasset" to "../../../../../../../Games Design/UbisoftWorld/Unreal/Survive/Content/StarterContent/Audio/Steam01_Cue.uasset"
[2017.04.11-12.55.41:377][  0]LogPackFactory: Copied "../../../Samples/StarterContent/Content/StarterContent/Blueprints/Blueprint_CeilingLight.uasset" to "../../../../../../../Games Design/UbisoftWorld/Unreal/Survive/Content/StarterContent/Blueprints/Blueprint_CeilingLight.uasset"
[2017.04.11-12.55.41:445][  0]LogPackFactory: Copied "../../../Samples/StarterContent/Content/StarterContent/Blueprints/Blueprint_Effect_Explosion.uasset" to "../../../../../../../Games Design/UbisoftWorld/Unreal/Survive/Content/StarterContent/Blueprints/Blueprint_Effect_Explosion.uasset"
[2017.04.11-12.55.41:504][  0]LogPackFactory: Copied "../../../Samples/StarterContent/Content/StarterContent/Blueprints/Blueprint_Effect_Fire.uasset" to "../../../../../../../Games Design/UbisoftWorld/Unreal/Survive/Content/StarterContent/Blueprints/Blueprint_Effect_Fire.uasset"
[2017.04.11-12.55.41:529][  0]LogPackFactory: Copied "../../../Samples/StarterContent/Content/StarterContent/Blueprints/Blueprint_Effect_Smoke.uasset" to "../../../../../../../Games Design/UbisoftWorld/Unreal/Survive/Content/StarterContent/Blueprints/Blueprint_Effect_Smoke.uasset"
[2017.04.11-12.55.41:567][  0]LogPackFactory: Copied "../../../Samples/StarterContent/Content/StarterContent/Blueprints/Blueprint_Effect_Sparks.uasset" to "../../../../../../../Games Design/UbisoftWorld/Unreal/Survive/Content/StarterContent/Blueprints/Blueprint_Effect_Sparks.uasset"
[2017.04.11-12.55.41:613][  0]LogPackFactory: Copied "../../../Samples/StarterContent/Content/StarterContent/Blueprints/Blueprint_Effect_Steam.uasset" to "../../../../../../../Games Design/UbisoftWorld/Unreal/Survive/Content/StarterContent/Blueprints/Blueprint_Effect_Steam.uasset"
[2017.04.11-12.55.41:661][  0]LogPackFactory: Copied "../../../Samples/StarterContent/Content/StarterContent/Blueprints/Blueprint_WallSconce.uasset" to "../../../../../../../Games Design/UbisoftWorld/Unreal/Survive/Content/StarterContent/Blueprints/Blueprint_WallSconce.uasset"
[2017.04.11-12.55.41:704][  0]LogPackFactory: Copied "../../../Samples/StarterContent/Content/StarterContent/Blueprints/BP_LightStudio.uasset" to "../../../../../../../Games Design/UbisoftWorld/Unreal/Survive/Content/StarterContent/Blueprints/BP_LightStudio.uasset"
[2017.04.11-12.55.41:734][  0]LogPackFactory: Copied "../../../Samples/StarterContent/Content/StarterContent/Blueprints/Assets/FogBrightnessLUT.uasset" to "../../../../../../../Games Design/UbisoftWorld/Unreal/Survive/Content/StarterContent/Blueprints/Assets/FogBrightnessLUT.uasset"
[2017.04.11-12.55.41:787][  0]LogPackFactory: Copied "../../../Samples/StarterContent/Content/StarterContent/Blueprints/Assets/M_LightStage_Arrows.uasset" to "../../../../../../../Games Design/UbisoftWorld/Unreal/Survive/Content/StarterContent/Blueprints/Assets/M_LightStage_Arrows.uasset"
[2017.04.11-12.55.41:800][  0]LogPackFactory: Copied "../../../Samples/StarterContent/Content/StarterContent/Blueprints/Assets/M_LightStage_Skybox_Black.uasset" to "../../../../../../../Games Design/UbisoftWorld/Unreal/Survive/Content/StarterContent/Blueprints/Assets/M_LightStage_Skybox_Black.uasset"
[2017.04.11-12.55.41:826][  0]LogPackFactory: Copied "../../../Samples/StarterContent/Content/StarterContent/Blueprints/Assets/M_LightStage_Skybox_HDRI.uasset" to "../../../../../../../Games Design/UbisoftWorld/Unreal/Survive/Content/StarterContent/Blueprints/Assets/M_LightStage_Skybox_HDRI.uasset"
[2017.04.11-12.55.41:893][  0]LogPackFactory: Copied "../../../Samples/StarterContent/Content/StarterContent/Blueprints/Assets/M_LightStage_Skybox_Master.uasset" to "../../../../../../../Games Design/UbisoftWorld/Unreal/Survive/Content/StarterContent/Blueprints/Assets/M_LightStage_Skybox_Master.uasset"
[2017.04.11-12.55.41:919][  0]LogPackFactory: Copied "../../../Samples/StarterContent/Content/StarterContent/Blueprints/Assets/Skybox.uasset" to "../../../../../../../Games Design/UbisoftWorld/Unreal/Survive/Content/StarterContent/Blueprints/Assets/Skybox.uasset"
[2017.04.11-12.55.41:983][  0]LogPackFactory: Copied "../../../Samples/StarterContent/Content/StarterContent/Blueprints/Assets/SM_Arrows.uasset" to "../../../../../../../Games Design/UbisoftWorld/Unreal/Survive/Content/StarterContent/Blueprints/Assets/SM_Arrows.uasset"
[2017.04.11-12.55.42:000][  0]LogPackFactory: Copied "../../../Samples/StarterContent/Content/StarterContent/Blueprints/Assets/SunlightColorLUT.uasset" to "../../../../../../../Games Design/UbisoftWorld/Unreal/Survive/Content/StarterContent/Blueprints/Assets/SunlightColorLUT.uasset"
[2017.04.11-12.55.53:567][  0]LogPackFactory: Copied "../../../Samples/StarterContent/Content/StarterContent/HDRI/HDRI_Epic_Courtyard_Daylight.uasset" to "../../../../../../../Games Design/UbisoftWorld/Unreal/Survive/Content/StarterContent/HDRI/HDRI_Epic_Courtyard_Daylight.uasset"
[2017.04.11-12.55.53:609][  0]LogPackFactory: Copied "../../../Samples/StarterContent/Content/StarterContent/Maps/Advanced_Lighting.umap" to "../../../../../../../Games Design/UbisoftWorld/Unreal/Survive/Content/StarterContent/Maps/Advanced_Lighting.umap"
[2017.04.11-12.55.53:616][  0]LogPackFactory: Copied "../../../Samples/StarterContent/Content/StarterContent/Maps/Advanced_Lighting_BuiltData.uasset" to "../../../../../../../Games Design/UbisoftWorld/Unreal/Survive/Content/StarterContent/Maps/Advanced_Lighting_BuiltData.uasset"
[2017.04.11-12.55.53:678][  0]LogPackFactory: Copied "../../../Samples/StarterContent/Content/StarterContent/Maps/Minimal_Default.umap" to "../../../../../../../Games Design/UbisoftWorld/Unreal/Survive/Content/StarterContent/Maps/Minimal_Default.umap"
[2017.04.11-12.55.53:748][  0]LogPackFactory: Copied "../../../Samples/StarterContent/Content/StarterContent/Maps/Minimal_Default_BuiltData.uasset" to "../../../../../../../Games Design/UbisoftWorld/Unreal/Survive/Content/StarterContent/Maps/Minimal_Default_BuiltData.uasset"
[2017.04.11-12.55.53:821][  0]LogPackFactory: Copied "../../../Samples/StarterContent/Content/StarterContent/Maps/StarterMap.umap" to "../../../../../../../Games Design/UbisoftWorld/Unreal/Survive/Content/StarterContent/Maps/StarterMap.umap"
[2017.04.11-12.55.53:931][  0]LogPackFactory: Copied "../../../Samples/StarterContent/Content/StarterContent/Maps/StarterMap_BuiltData.uasset" to "../../../../../../../Games Design/UbisoftWorld/Unreal/Survive/Content/StarterContent/Maps/StarterMap_BuiltData.uasset"
[2017.04.11-12.55.53:937][  0]LogPackFactory: Copied "../../../Samples/StarterContent/Content/StarterContent/Materials/M_AssetPlatform.uasset" to "../../../../../../../Games Design/UbisoftWorld/Unreal/Survive/Content/StarterContent/Materials/M_AssetPlatform.uasset"
[2017.04.11-12.55.53:976][  0]LogPackFactory: Copied "../../../Samples/StarterContent/Content/StarterContent/Materials/M_Basic_Floor.uasset" to "../../../../../../../Games Design/UbisoftWorld/Unreal/Survive/Content/StarterContent/Materials/M_Basic_Floor.uasset"
[2017.04.11-12.55.54:007][  0]LogPackFactory: Copied "../../../Samples/StarterContent/Content/StarterContent/Materials/M_Basic_Wall.uasset" to "../../../../../../../Games Design/UbisoftWorld/Unreal/Survive/Content/StarterContent/Materials/M_Basic_Wall.uasset"
[2017.04.11-12.55.54:028][  0]LogPackFactory: Copied "../../../Samples/StarterContent/Content/StarterContent/Materials/M_Brick_Clay_Beveled.uasset" to "../../../../../../../Games Design/UbisoftWorld/Unreal/Survive/Content/StarterContent/Materials/M_Brick_Clay_Beveled.uasset"
[2017.04.11-12.55.54:048][  0]LogPackFactory: Copied "../../../Samples/StarterContent/Content/StarterContent/Materials/M_Brick_Clay_New.uasset" to "../../../../../../../Games Design/UbisoftWorld/Unreal/Survive/Content/StarterContent/Materials/M_Brick_Clay_New.uasset"
[2017.04.11-12.55.54:066][  0]LogPackFactory: Copied "../../../Samples/StarterContent/Content/StarterContent/Materials/M_Brick_Clay_Old.uasset" to "../../../../../../../Games Design/UbisoftWorld/Unreal/Survive/Content/StarterContent/Materials/M_Brick_Clay_Old.uasset"
[2017.04.11-12.55.54:072][  0]LogPackFactory: Copied "../../../Samples/StarterContent/Content/StarterContent/Materials/M_Brick_Cut_Stone.uasset" to "../../../../../../../Games Design/UbisoftWorld/Unreal/Survive/Content/StarterContent/Materials/M_Brick_Cut_Stone.uasset"
[2017.04.11-12.55.54:078][  0]LogPackFactory: Copied "../../../Samples/StarterContent/Content/StarterContent/Materials/M_Brick_Hewn_Stone.uasset" to "../../../../../../../Games Design/UbisoftWorld/Unreal/Survive/Content/StarterContent/Materials/M_Brick_Hewn_Stone.uasset"
[2017.04.11-12.55.54:116][  0]LogPackFactory: Copied "../../../Samples/StarterContent/Content/StarterContent/Materials/M_Ceramic_Tile_Checker.uasset" to "../../../../../../../Games Design/UbisoftWorld/Unreal/Survive/Content/StarterContent/Materials/M_Ceramic_Tile_Checker.uasset"
[2017.04.11-12.55.54:141][  0]LogPackFactory: Copied "../../../Samples/StarterContent/Content/StarterContent/Materials/M_CobbleStone_Pebble.uasset" to "../../../../../../../Games Design/UbisoftWorld/Unreal/Survive/Content/StarterContent/Materials/M_CobbleStone_Pebble.uasset"
[2017.04.11-12.55.54:159][  0]LogPackFactory: Copied "../../../Samples/StarterContent/Content/StarterContent/Materials/M_CobbleStone_Rough.uasset" to "../../../../../../../Games Design/UbisoftWorld/Unreal/Survive/Content/StarterContent/Materials/M_CobbleStone_Rough.uasset"
[2017.04.11-12.55.54:182][  0]LogPackFactory: Copied "../../../Samples/StarterContent/Content/StarterContent/Materials/M_CobbleStone_Smooth.uasset" to "../../../../../../../Games Design/UbisoftWorld/Unreal/Survive/Content/StarterContent/Materials/M_CobbleStone_Smooth.uasset"
[2017.04.11-12.55.54:189][  0]LogPackFactory: Copied "../../../Samples/StarterContent/Content/StarterContent/Materials/M_ColorGrid_LowSpec.uasset" to "../../../../../../../Games Design/UbisoftWorld/Unreal/Survive/Content/StarterContent/Materials/M_ColorGrid_LowSpec.uasset"
[2017.04.11-12.55.54:194][  0]LogPackFactory: Copied "../../../Samples/StarterContent/Content/StarterContent/Materials/M_Concrete_Grime.uasset" to "../../../../../../../Games Design/UbisoftWorld/Unreal/Survive/Content/StarterContent/Materials/M_Concrete_Grime.uasset"
[2017.04.11-12.55.54:228][  0]LogPackFactory: Copied "../../../Samples/StarterContent/Content/StarterContent/Materials/M_Concrete_Panels.uasset" to "../../../../../../../Games Design/UbisoftWorld/Unreal/Survive/Content/StarterContent/Materials/M_Concrete_Panels.uasset"
[2017.04.11-12.55.54:233][  0]LogPackFactory: Copied "../../../Samples/StarterContent/Content/StarterContent/Materials/M_Concrete_Poured.uasset" to "../../../../../../../Games Design/UbisoftWorld/Unreal/Survive/Content/StarterContent/Materials/M_Concrete_Poured.uasset"
[2017.04.11-12.55.54:266][  0]LogPackFactory: Copied "../../../Samples/StarterContent/Content/StarterContent/Materials/M_Concrete_Tiles.uasset" to "../../../../../../../Games Design/UbisoftWorld/Unreal/Survive/Content/StarterContent/Materials/M_Concrete_Tiles.uasset"
[2017.04.11-12.55.54:272][  0]LogPackFactory: Copied "../../../Samples/StarterContent/Content/StarterContent/Materials/M_Glass.uasset" to "../../../../../../../Games Design/UbisoftWorld/Unreal/Survive/Content/StarterContent/Materials/M_Glass.uasset"
[2017.04.11-12.55.54:293][  0]LogPackFactory: Copied "../../../Samples/StarterContent/Content/StarterContent/Materials/M_Ground_Grass.uasset" to "../../../../../../../Games Design/UbisoftWorld/Unreal/Survive/Content/StarterContent/Materials/M_Ground_Grass.uasset"
[2017.04.11-12.55.54:312][  0]LogPackFactory: Copied "../../../Samples/StarterContent/Content/StarterContent/Materials/M_Ground_Gravel.uasset" to "../../../../../../../Games Design/UbisoftWorld/Unreal/Survive/Content/StarterContent/Materials/M_Ground_Gravel.uasset"
[2017.04.11-12.55.54:331][  0]LogPackFactory: Copied "../../../Samples/StarterContent/Content/StarterContent/Materials/M_Ground_Moss.uasset" to "../../../../../../../Games Design/UbisoftWorld/Unreal/Survive/Content/StarterContent/Materials/M_Ground_Moss.uasset"
[2017.04.11-12.55.54:349][  0]LogPackFactory: Copied "../../../Samples/StarterContent/Content/StarterContent/Materials/M_Metal_Brushed_Nickel.uasset" to "../../../../../../../Games Design/UbisoftWorld/Unreal/Survive/Content/StarterContent/Materials/M_Metal_Brushed_Nickel.uasset"
[2017.04.11-12.55.54:376][  0]LogPackFactory: Copied "../../../Samples/StarterContent/Content/StarterContent/Materials/M_Metal_Burnished_Steel.uasset" to "../../../../../../../Games Design/UbisoftWorld/Unreal/Survive/Content/StarterContent/Materials/M_Metal_Burnished_Steel.uasset"
[2017.04.11-12.55.54:397][  0]LogPackFactory: Copied "../../../Samples/StarterContent/Content/StarterContent/Materials/M_Metal_Chrome.uasset" to "../../../../../../../Games Design/UbisoftWorld/Unreal/Survive/Content/StarterContent/Materials/M_Metal_Chrome.uasset"
[2017.04.11-12.55.54:404][  0]LogPackFactory: Copied "../../../Samples/StarterContent/Content/StarterContent/Materials/M_Metal_Copper.uasset" to "../../../../../../../Games Design/UbisoftWorld/Unreal/Survive/Content/StarterContent/Materials/M_Metal_Copper.uasset"
[2017.04.11-12.55.54:422][  0]LogPackFactory: Copied "../../../Samples/StarterContent/Content/StarterContent/Materials/M_Metal_Gold.uasset" to "../../../../../../../Games Design/UbisoftWorld/Unreal/Survive/Content/StarterContent/Materials/M_Metal_Gold.uasset"
[2017.04.11-12.55.54:429][  0]LogPackFactory: Copied "../../../Samples/StarterContent/Content/StarterContent/Materials/M_Metal_Rust.uasset" to "../../../../../../../Games Design/UbisoftWorld/Unreal/Survive/Content/StarterContent/Materials/M_Metal_Rust.uasset"
[2017.04.11-12.55.54:434][  0]LogPackFactory: Copied "../../../Samples/StarterContent/Content/StarterContent/Materials/M_Metal_Steel.uasset" to "../../../../../../../Games Design/UbisoftWorld/Unreal/Survive/Content/StarterContent/Materials/M_Metal_Steel.uasset"
[2017.04.11-12.55.54:440][  0]LogPackFactory: Copied "../../../Samples/StarterContent/Content/StarterContent/Materials/M_Rock_Basalt.uasset" to "../../../../../../../Games Design/UbisoftWorld/Unreal/Survive/Content/StarterContent/Materials/M_Rock_Basalt.uasset"
[2017.04.11-12.55.54:446][  0]LogPackFactory: Copied "../../../Samples/StarterContent/Content/StarterContent/Materials/M_Rock_Marble_Polished.uasset" to "../../../../../../../Games Design/UbisoftWorld/Unreal/Survive/Content/StarterContent/Materials/M_Rock_Marble_Polished.uasset"
[2017.04.11-12.55.54:466][  0]LogPackFactory: Copied "../../../Samples/StarterContent/Content/StarterContent/Materials/M_Rock_Sandstone.uasset" to "../../../../../../../Games Design/UbisoftWorld/Unreal/Survive/Content/StarterContent/Materials/M_Rock_Sandstone.uasset"
[2017.04.11-12.55.54:472][  0]LogPackFactory: Copied "../../../Samples/StarterContent/Content/StarterContent/Materials/M_Rock_Slate.uasset" to "../../../../../../../Games Design/UbisoftWorld/Unreal/Survive/Content/StarterContent/Materials/M_Rock_Slate.uasset"
[2017.04.11-12.55.54:499][  0]LogPackFactory: Copied "../../../Samples/StarterContent/Content/StarterContent/Materials/M_Tech_Checker_Dot.uasset" to "../../../../../../../Games Design/UbisoftWorld/Unreal/Survive/Content/StarterContent/Materials/M_Tech_Checker_Dot.uasset"
[2017.04.11-12.55.54:506][  0]LogPackFactory: Copied "../../../Samples/StarterContent/Content/StarterContent/Materials/M_Tech_Hex_Tile.uasset" to "../../../../../../../Games Design/UbisoftWorld/Unreal/Survive/Content/StarterContent/Materials/M_Tech_Hex_Tile.uasset"
[2017.04.11-12.55.54:512][  0]LogPackFactory: Copied "../../../Samples/StarterContent/Content/StarterContent/Materials/M_Tech_Hex_Tile_Pulse.uasset" to "../../../../../../../Games Design/UbisoftWorld/Unreal/Survive/Content/StarterContent/Materials/M_Tech_Hex_Tile_Pulse.uasset"
[2017.04.11-12.55.54:517][  0]LogPackFactory: Copied "../../../Samples/StarterContent/Content/StarterContent/Materials/M_Tech_Panel.uasset" to "../../../../../../../Games Design/UbisoftWorld/Unreal/Survive/Content/StarterContent/Materials/M_Tech_Panel.uasset"
[2017.04.11-12.55.54:523][  0]LogPackFactory: Copied "../../../Samples/StarterContent/Content/StarterContent/Materials/M_Water_Lake.uasset" to "../../../../../../../Games Design/UbisoftWorld/Unreal/Survive/Content/StarterContent/Materials/M_Water_Lake.uasset"
[2017.04.11-12.55.54:555][  0]LogPackFactory: Copied "../../../Samples/StarterContent/Content/StarterContent/Materials/M_Water_Ocean.uasset" to "../../../../../../../Games Design/UbisoftWorld/Unreal/Survive/Content/StarterContent/Materials/M_Water_Ocean.uasset"
[2017.04.11-12.55.54:614][  0]LogPackFactory: Copied "../../../Samples/StarterContent/Content/StarterContent/Materials/M_Wood_Floor_Walnut_Polished.uasset" to "../../../../../../../Games Design/UbisoftWorld/Unreal/Survive/Content/StarterContent/Materials/M_Wood_Floor_Walnut_Polished.uasset"
[2017.04.11-12.55.54:662][  0]LogPackFactory: Copied "../../../Samples/StarterContent/Content/StarterContent/Materials/M_Wood_Floor_Walnut_Worn.uasset" to "../../../../../../../Games Design/UbisoftWorld/Unreal/Survive/Content/StarterContent/Materials/M_Wood_Floor_Walnut_Worn.uasset"
[2017.04.11-12.55.54:668][  0]LogPackFactory: Copied "../../../Samples/StarterContent/Content/StarterContent/Materials/M_Wood_Oak.uasset" to "../../../../../../../Games Design/UbisoftWorld/Unreal/Survive/Content/StarterContent/Materials/M_Wood_Oak.uasset"
[2017.04.11-12.55.54:734][  0]LogPackFactory: Copied "../../../Samples/StarterContent/Content/StarterContent/Materials/M_Wood_Pine.uasset" to "../../../../../../../Games Design/UbisoftWorld/Unreal/Survive/Content/StarterContent/Materials/M_Wood_Pine.uasset"
[2017.04.11-12.55.54:741][  0]LogPackFactory: Copied "../../../Samples/StarterContent/Content/StarterContent/Materials/M_Wood_Walnut.uasset" to "../../../../../../../Games Design/UbisoftWorld/Unreal/Survive/Content/StarterContent/Materials/M_Wood_Walnut.uasset"
[2017.04.11-12.55.54:780][  0]LogPackFactory: Copied "../../../Samples/StarterContent/Content/StarterContent/Particles/P_Ambient_Dust.uasset" to "../../../../../../../Games Design/UbisoftWorld/Unreal/Survive/Content/StarterContent/Particles/P_Ambient_Dust.uasset"
[2017.04.11-12.55.54:809][  0]LogPackFactory: Copied "../../../Samples/StarterContent/Content/StarterContent/Particles/P_Explosion.uasset" to "../../../../../../../Games Design/UbisoftWorld/Unreal/Survive/Content/StarterContent/Particles/P_Explosion.uasset"
[2017.04.11-12.55.54:816][  0]LogPackFactory: Copied "../../../Samples/StarterContent/Content/StarterContent/Particles/P_Fire.uasset" to "../../../../../../../Games Design/UbisoftWorld/Unreal/Survive/Content/StarterContent/Particles/P_Fire.uasset"
[2017.04.11-12.55.54:856][  0]LogPackFactory: Copied "../../../Samples/StarterContent/Content/StarterContent/Particles/P_Smoke.uasset" to "../../../../../../../Games Design/UbisoftWorld/Unreal/Survive/Content/StarterContent/Particles/P_Smoke.uasset"
[2017.04.11-12.55.54:880][  0]LogPackFactory: Copied "../../../Samples/StarterContent/Content/StarterContent/Particles/P_Sparks.uasset" to "../../../../../../../Games Design/UbisoftWorld/Unreal/Survive/Content/StarterContent/Particles/P_Sparks.uasset"
[2017.04.11-12.55.54:930][  0]LogPackFactory: Copied "../../../Samples/StarterContent/Content/StarterContent/Particles/P_Steam_Lit.uasset" to "../../../../../../../Games Design/UbisoftWorld/Unreal/Survive/Content/StarterContent/Particles/P_Steam_Lit.uasset"
[2017.04.11-12.55.54:963][  0]LogPackFactory: Copied "../../../Samples/StarterContent/Content/StarterContent/Particles/Materials/M_Burst.uasset" to "../../../../../../../Games Design/UbisoftWorld/Unreal/Survive/Content/StarterContent/Particles/Materials/M_Burst.uasset"
[2017.04.11-12.55.54:969][  0]LogPackFactory: Copied "../../../Samples/StarterContent/Content/StarterContent/Particles/Materials/M_Dust_Particle.uasset" to "../../../../../../../Games Design/UbisoftWorld/Unreal/Survive/Content/StarterContent/Particles/Materials/M_Dust_Particle.uasset"
[2017.04.11-12.55.55:008][  0]LogPackFactory: Copied "../../../Samples/StarterContent/Content/StarterContent/Particles/Materials/M_explosion_subUV.uasset" to "../../../../../../../Games Design/UbisoftWorld/Unreal/Survive/Content/StarterContent/Particles/Materials/M_explosion_subUV.uasset"
[2017.04.11-12.55.55:046][  0]LogPackFactory: Copied "../../../Samples/StarterContent/Content/StarterContent/Particles/Materials/M_Fire_SubUV.uasset" to "../../../../../../../Games Design/UbisoftWorld/Unreal/Survive/Content/StarterContent/Particles/Materials/M_Fire_SubUV.uasset"
[2017.04.11-12.55.55:087][  0]LogPackFactory: Copied "../../../Samples/StarterContent/Content/StarterContent/Particles/Materials/m_flare_01.uasset" to "../../../../../../../Games Design/UbisoftWorld/Unreal/Survive/Content/StarterContent/Particles/Materials/m_flare_01.uasset"
[2017.04.11-12.55.55:093][  0]LogPackFactory: Copied "../../../Samples/StarterContent/Content/StarterContent/Particles/Materials/M_Heat_Distortion.uasset" to "../../../../../../../Games Design/UbisoftWorld/Unreal/Survive/Content/StarterContent/Particles/Materials/M_Heat_Distortion.uasset"
[2017.04.11-12.55.55:099][  0]LogPackFactory: Copied "../../../Samples/StarterContent/Content/StarterContent/Particles/Materials/M_Radial_Gradient.uasset" to "../../../../../../../Games Design/UbisoftWorld/Unreal/Survive/Content/StarterContent/Particles/Materials/M_Radial_Gradient.uasset"
[2017.04.11-12.55.55:275][  0]LogPackFactory: Copied "../../../Samples/StarterContent/Content/StarterContent/Particles/Materials/M_radial_ramp.uasset" to "../../../../../../../Games Design/UbisoftWorld/Unreal/Survive/Content/StarterContent/Particles/Materials/M_radial_ramp.uasset"
[2017.04.11-12.55.55:321][  0]LogPackFactory: Copied "../../../Samples/StarterContent/Content/StarterContent/Particles/Materials/M_smoke_subUV.uasset" to "../../../../../../../Games Design/UbisoftWorld/Unreal/Survive/Content/StarterContent/Particles/Materials/M_smoke_subUV.uasset"
[2017.04.11-12.55.55:328][  0]LogPackFactory: Copied "../../../Samples/StarterContent/Content/StarterContent/Particles/Materials/M_Spark.uasset" to "../../../../../../../Games Design/UbisoftWorld/Unreal/Survive/Content/StarterContent/Particles/Materials/M_Spark.uasset"
[2017.04.11-12.55.55:387][  0]LogPackFactory: Copied "../../../Samples/StarterContent/Content/StarterContent/Props/MaterialSphere.uasset" to "../../../../../../../Games Design/UbisoftWorld/Unreal/Survive/Content/StarterContent/Props/MaterialSphere.uasset"
[2017.04.11-12.55.55:456][  0]LogPackFactory: Copied "../../../Samples/StarterContent/Content/StarterContent/Props/SM_Bush.uasset" to "../../../../../../../Games Design/UbisoftWorld/Unreal/Survive/Content/StarterContent/Props/SM_Bush.uasset"
[2017.04.11-12.55.55:463][  0]LogPackFactory: Copied "../../../Samples/StarterContent/Content/StarterContent/Props/SM_Chair.uasset" to "../../../../../../../Games Design/UbisoftWorld/Unreal/Survive/Content/StarterContent/Props/SM_Chair.uasset"
[2017.04.11-12.55.55:468][  0]LogPackFactory: Copied "../../../Samples/StarterContent/Content/StarterContent/Props/SM_CornerFrame.uasset" to "../../../../../../../Games Design/UbisoftWorld/Unreal/Survive/Content/StarterContent/Props/SM_CornerFrame.uasset"
[2017.04.11-12.55.55:475][  0]LogPackFactory: Copied "../../../Samples/StarterContent/Content/StarterContent/Props/SM_Couch.uasset" to "../../../../../../../Games Design/UbisoftWorld/Unreal/Survive/Content/StarterContent/Props/SM_Couch.uasset"
[2017.04.11-12.55.55:481][  0]LogPackFactory: Copied "../../../Samples/StarterContent/Content/StarterContent/Props/SM_Door.uasset" to "../../../../../../../Games Design/UbisoftWorld/Unreal/Survive/Content/StarterContent/Props/SM_Door.uasset"
[2017.04.11-12.55.55:487][  0]LogPackFactory: Copied "../../../Samples/StarterContent/Content/StarterContent/Props/SM_DoorFrame.uasset" to "../../../../../../../Games Design/UbisoftWorld/Unreal/Survive/Content/StarterContent/Props/SM_DoorFrame.uasset"
[2017.04.11-12.55.55:525][  0]LogPackFactory: Copied "../../../Samples/StarterContent/Content/StarterContent/Props/SM_GlassWindow.uasset" to "../../../../../../../Games Design/UbisoftWorld/Unreal/Survive/Content/StarterContent/Props/SM_GlassWindow.uasset"
[2017.04.11-12.55.55:547][  0]LogPackFactory: Copied "../../../Samples/StarterContent/Content/StarterContent/Props/SM_Lamp_Ceiling.uasset" to "../../../../../../../Games Design/UbisoftWorld/Unreal/Survive/Content/StarterContent/Props/SM_Lamp_Ceiling.uasset"
[2017.04.11-12.55.55:556][  0]LogPackFactory: Copied "../../../Samples/StarterContent/Content/StarterContent/Props/SM_Lamp_Wall.uasset" to "../../../../../../../Games Design/UbisoftWorld/Unreal/Survive/Content/StarterContent/Props/SM_Lamp_Wall.uasset"
[2017.04.11-12.55.55:587][  0]LogPackFactory: Copied "../../../Samples/StarterContent/Content/StarterContent/Props/SM_MatPreviewMesh_02.uasset" to "../../../../../../../Games Design/UbisoftWorld/Unreal/Survive/Content/StarterContent/Props/SM_MatPreviewMesh_02.uasset"
[2017.04.11-12.55.55:597][  0]LogPackFactory: Copied "../../../Samples/StarterContent/Content/StarterContent/Props/SM_PillarFrame.uasset" to "../../../../../../../Games Design/UbisoftWorld/Unreal/Survive/Content/StarterContent/Props/SM_PillarFrame.uasset"
[2017.04.11-12.55.55:649][  0]LogPackFactory: Copied "../../../Samples/StarterContent/Content/StarterContent/Props/SM_PillarFrame300.uasset" to "../../../../../../../Games Design/UbisoftWorld/Unreal/Survive/Content/StarterContent/Props/SM_PillarFrame300.uasset"
[2017.04.11-12.55.55:719][  0]LogPackFactory: Copied "../../../Samples/StarterContent/Content/StarterContent/Props/SM_Rock.uasset" to "../../../../../../../Games Design/UbisoftWorld/Unreal/Survive/Content/StarterContent/Props/SM_Rock.uasset"
[2017.04.11-12.55.55:725][  0]LogPackFactory: Copied "../../../Samples/StarterContent/Content/StarterContent/Props/SM_Shelf.uasset" to "../../../../../../../Games Design/UbisoftWorld/Unreal/Survive/Content/StarterContent/Props/SM_Shelf.uasset"
[2017.04.11-12.55.55:731][  0]LogPackFactory: Copied "../../../Samples/StarterContent/Content/StarterContent/Props/SM_Stairs.uasset" to "../../../../../../../Games Design/UbisoftWorld/Unreal/Survive/Content/StarterContent/Props/SM_Stairs.uasset"
[2017.04.11-12.55.55:754][  0]LogPackFactory: Copied "../../../Samples/StarterContent/Content/StarterContent/Props/SM_Statue.uasset" to "../../../../../../../Games Design/UbisoftWorld/Unreal/Survive/Content/StarterContent/Props/SM_Statue.uasset"
[2017.04.11-12.55.55:773][  0]LogPackFactory: Copied "../../../Samples/StarterContent/Content/StarterContent/Props/SM_TableRound.uasset" to "../../../../../../../Games Design/UbisoftWorld/Unreal/Survive/Content/StarterContent/Props/SM_TableRound.uasset"
[2017.04.11-12.55.55:779][  0]LogPackFactory: Copied "../../../Samples/StarterContent/Content/StarterContent/Props/SM_WindowFrame.uasset" to "../../../../../../../Games Design/UbisoftWorld/Unreal/Survive/Content/StarterContent/Props/SM_WindowFrame.uasset"
[2017.04.11-12.55.55:821][  0]LogPackFactory: Copied "../../../Samples/StarterContent/Content/StarterContent/Props/Materials/M_Bush.uasset" to "../../../../../../../Games Design/UbisoftWorld/Unreal/Survive/Content/StarterContent/Props/Materials/M_Bush.uasset"
[2017.04.11-12.55.55:987][  0]LogPackFactory: Copied "../../../Samples/StarterContent/Content/StarterContent/Props/Materials/M_Chair.uasset" to "../../../../../../../Games Design/UbisoftWorld/Unreal/Survive/Content/StarterContent/Props/Materials/M_Chair.uasset"
[2017.04.11-12.55.56:021][  0]LogPackFactory: Copied "../../../Samples/StarterContent/Content/StarterContent/Props/Materials/M_Door.uasset" to "../../../../../../../Games Design/UbisoftWorld/Unreal/Survive/Content/StarterContent/Props/Materials/M_Door.uasset"
[2017.04.11-12.55.56:102][  0]LogPackFactory: Copied "../../../Samples/StarterContent/Content/StarterContent/Props/Materials/M_Frame.uasset" to "../../../../../../../Games Design/UbisoftWorld/Unreal/Survive/Content/StarterContent/Props/Materials/M_Frame.uasset"
[2017.04.11-12.55.56:182][  0]LogPackFactory: Copied "../../../Samples/StarterContent/Content/StarterContent/Props/Materials/M_Lamp.uasset" to "../../../../../../../Games Design/UbisoftWorld/Unreal/Survive/Content/StarterContent/Props/Materials/M_Lamp.uasset"
[2017.04.11-12.55.56:265][  0]LogPackFactory: Copied "../../../Samples/StarterContent/Content/StarterContent/Props/Materials/M_MaterialSphere.uasset" to "../../../../../../../Games Design/UbisoftWorld/Unreal/Survive/Content/StarterContent/Props/Materials/M_MaterialSphere.uasset"
[2017.04.11-12.55.56:302][  0]LogPackFactory: Copied "../../../Samples/StarterContent/Content/StarterContent/Props/Materials/M_MaterialSphere_Plain.uasset" to "../../../../../../../Games Design/UbisoftWorld/Unreal/Survive/Content/StarterContent/Props/Materials/M_MaterialSphere_Plain.uasset"
[2017.04.11-12.55.56:322][  0]LogPackFactory: Copied "../../../Samples/StarterContent/Content/StarterContent/Props/Materials/M_Rock.uasset" to "../../../../../../../Games Design/UbisoftWorld/Unreal/Survive/Content/StarterContent/Props/Materials/M_Rock.uasset"
[2017.04.11-12.55.56:366][  0]LogPackFactory: Copied "../../../Samples/StarterContent/Content/StarterContent/Props/Materials/M_Shelf.uasset" to "../../../../../../../Games Design/UbisoftWorld/Unreal/Survive/Content/StarterContent/Props/Materials/M_Shelf.uasset"
[2017.04.11-12.55.56:437][  0]LogPackFactory: Copied "../../../Samples/StarterContent/Content/StarterContent/Props/Materials/M_Statue.uasset" to "../../../../../../../Games Design/UbisoftWorld/Unreal/Survive/Content/StarterContent/Props/Materials/M_Statue.uasset"
[2017.04.11-12.55.56:498][  0]LogPackFactory: Copied "../../../Samples/StarterContent/Content/StarterContent/Props/Materials/M_StatueGlass.uasset" to "../../../../../../../Games Design/UbisoftWorld/Unreal/Survive/Content/StarterContent/Props/Materials/M_StatueGlass.uasset"
[2017.04.11-12.55.56:553][  0]LogPackFactory: Copied "../../../Samples/StarterContent/Content/StarterContent/Props/Materials/M_TableRound.uasset" to "../../../../../../../Games Design/UbisoftWorld/Unreal/Survive/Content/StarterContent/Props/Materials/M_TableRound.uasset"
[2017.04.11-12.55.56:559][  0]LogPackFactory: Copied "../../../Samples/StarterContent/Content/StarterContent/Shapes/Shape_Cone.uasset" to "../../../../../../../Games Design/UbisoftWorld/Unreal/Survive/Content/StarterContent/Shapes/Shape_Cone.uasset"
[2017.04.11-12.55.56:610][  0]LogPackFactory: Copied "../../../Samples/StarterContent/Content/StarterContent/Shapes/Shape_Cube.uasset" to "../../../../../../../Games Design/UbisoftWorld/Unreal/Survive/Content/StarterContent/Shapes/Shape_Cube.uasset"
[2017.04.11-12.55.56:616][  0]LogPackFactory: Copied "../../../Samples/StarterContent/Content/StarterContent/Shapes/Shape_Cylinder.uasset" to "../../../../../../../Games Design/UbisoftWorld/Unreal/Survive/Content/StarterContent/Shapes/Shape_Cylinder.uasset"
[2017.04.11-12.55.56:674][  0]LogPackFactory: Copied "../../../Samples/StarterContent/Content/StarterContent/Shapes/Shape_NarrowCapsule.uasset" to "../../../../../../../Games Design/UbisoftWorld/Unreal/Survive/Content/StarterContent/Shapes/Shape_NarrowCapsule.uasset"
[2017.04.11-12.55.56:681][  0]LogPackFactory: Copied "../../../Samples/StarterContent/Content/StarterContent/Shapes/Shape_Pipe.uasset" to "../../../../../../../Games Design/UbisoftWorld/Unreal/Survive/Content/StarterContent/Shapes/Shape_Pipe.uasset"
[2017.04.11-12.55.56:696][  0]LogPackFactory: Copied "../../../Samples/StarterContent/Content/StarterContent/Shapes/Shape_Pipe_180.uasset" to "../../../../../../../Games Design/UbisoftWorld/Unreal/Survive/Content/StarterContent/Shapes/Shape_Pipe_180.uasset"
[2017.04.11-12.55.56:703][  0]LogPackFactory: Copied "../../../Samples/StarterContent/Content/StarterContent/Shapes/Shape_Pipe_90.uasset" to "../../../../../../../Games Design/UbisoftWorld/Unreal/Survive/Content/StarterContent/Shapes/Shape_Pipe_90.uasset"
[2017.04.11-12.55.56:710][  0]LogPackFactory: Copied "../../../Samples/StarterContent/Content/StarterContent/Shapes/Shape_Plane.uasset" to "../../../../../../../Games Design/UbisoftWorld/Unreal/Survive/Content/StarterContent/Shapes/Shape_Plane.uasset"
[2017.04.11-12.55.56:715][  0]LogPackFactory: Copied "../../../Samples/StarterContent/Content/StarterContent/Shapes/Shape_QuadPyramid.uasset" to "../../../../../../../Games Design/UbisoftWorld/Unreal/Survive/Content/StarterContent/Shapes/Shape_QuadPyramid.uasset"
[2017.04.11-12.55.56:721][  0]LogPackFactory: Copied "../../../Samples/StarterContent/Content/StarterContent/Shapes/Shape_Sphere.uasset" to "../../../../../../../Games Design/UbisoftWorld/Unreal/Survive/Content/StarterContent/Shapes/Shape_Sphere.uasset"
[2017.04.11-12.55.56:727][  0]LogPackFactory: Copied "../../../Samples/StarterContent/Content/StarterContent/Shapes/Shape_Torus.uasset" to "../../../../../../../Games Design/UbisoftWorld/Unreal/Survive/Content/StarterContent/Shapes/Shape_Torus.uasset"
[2017.04.11-12.55.56:732][  0]LogPackFactory: Copied "../../../Samples/StarterContent/Content/StarterContent/Shapes/Shape_Trim.uasset" to "../../../../../../../Games Design/UbisoftWorld/Unreal/Survive/Content/StarterContent/Shapes/Shape_Trim.uasset"
[2017.04.11-12.55.56:737][  0]LogPackFactory: Copied "../../../Samples/StarterContent/Content/StarterContent/Shapes/Shape_Trim_90_In.uasset" to "../../../../../../../Games Design/UbisoftWorld/Unreal/Survive/Content/StarterContent/Shapes/Shape_Trim_90_In.uasset"
[2017.04.11-12.55.56:744][  0]LogPackFactory: Copied "../../../Samples/StarterContent/Content/StarterContent/Shapes/Shape_Trim_90_Out.uasset" to "../../../../../../../Games Design/UbisoftWorld/Unreal/Survive/Content/StarterContent/Shapes/Shape_Trim_90_Out.uasset"
[2017.04.11-12.55.56:774][  0]LogPackFactory: Copied "../../../Samples/StarterContent/Content/StarterContent/Shapes/Shape_TriPyramid.uasset" to "../../../../../../../Games Design/UbisoftWorld/Unreal/Survive/Content/StarterContent/Shapes/Shape_TriPyramid.uasset"
[2017.04.11-12.55.56:818][  0]LogPackFactory: Copied "../../../Samples/StarterContent/Content/StarterContent/Shapes/Shape_Tube.uasset" to "../../../../../../../Games Design/UbisoftWorld/Unreal/Survive/Content/StarterContent/Shapes/Shape_Tube.uasset"
[2017.04.11-12.55.56:825][  0]LogPackFactory: Copied "../../../Samples/StarterContent/Content/StarterContent/Shapes/Shape_Wedge_A.uasset" to "../../../../../../../Games Design/UbisoftWorld/Unreal/Survive/Content/StarterContent/Shapes/Shape_Wedge_A.uasset"
[2017.04.11-12.55.56:830][  0]LogPackFactory: Copied "../../../Samples/StarterContent/Content/StarterContent/Shapes/Shape_Wedge_B.uasset" to "../../../../../../../Games Design/UbisoftWorld/Unreal/Survive/Content/StarterContent/Shapes/Shape_Wedge_B.uasset"
[2017.04.11-12.55.56:885][  0]LogPackFactory: Copied "../../../Samples/StarterContent/Content/StarterContent/Shapes/Shape_WideCapsule.uasset" to "../../../../../../../Games Design/UbisoftWorld/Unreal/Survive/Content/StarterContent/Shapes/Shape_WideCapsule.uasset"
[2017.04.11-12.55.56:979][  0]LogPackFactory: Copied "../../../Samples/StarterContent/Content/StarterContent/Textures/T_Brick_Clay_Beveled_D.uasset" to "../../../../../../../Games Design/UbisoftWorld/Unreal/Survive/Content/StarterContent/Textures/T_Brick_Clay_Beveled_D.uasset"
[2017.04.11-12.55.57:062][  0]LogPackFactory: Copied "../../../Samples/StarterContent/Content/StarterContent/Textures/T_Brick_Clay_Beveled_M.uasset" to "../../../../../../../Games Design/UbisoftWorld/Unreal/Survive/Content/StarterContent/Textures/T_Brick_Clay_Beveled_M.uasset"
[2017.04.11-12.55.57:139][  0]LogPackFactory: Copied "../../../Samples/StarterContent/Content/StarterContent/Textures/T_Brick_Clay_Beveled_N.uasset" to "../../../../../../../Games Design/UbisoftWorld/Unreal/Survive/Content/StarterContent/Textures/T_Brick_Clay_Beveled_N.uasset"
[2017.04.11-12.55.57:225][  0]LogPackFactory: Copied "../../../Samples/StarterContent/Content/StarterContent/Textures/T_Brick_Clay_New_D.uasset" to "../../../../../../../Games Design/UbisoftWorld/Unreal/Survive/Content/StarterContent/Textures/T_Brick_Clay_New_D.uasset"
[2017.04.11-12.55.57:333][  0]LogPackFactory: Copied "../../../Samples/StarterContent/Content/StarterContent/Textures/T_Brick_Clay_New_M.uasset" to "../../../../../../../Games Design/UbisoftWorld/Unreal/Survive/Content/StarterContent/Textures/T_Brick_Clay_New_M.uasset"
[2017.04.11-12.55.57:419][  0]LogPackFactory: Copied "../../../Samples/StarterContent/Content/StarterContent/Textures/T_Brick_Clay_New_N.uasset" to "../../../../../../../Games Design/UbisoftWorld/Unreal/Survive/Content/StarterContent/Textures/T_Brick_Clay_New_N.uasset"
[2017.04.11-12.55.57:532][  0]LogPackFactory: Copied "../../../Samples/StarterContent/Content/StarterContent/Textures/T_Brick_Clay_Old_D.uasset" to "../../../../../../../Games Design/UbisoftWorld/Unreal/Survive/Content/StarterContent/Textures/T_Brick_Clay_Old_D.uasset"
[2017.04.11-12.55.57:619][  0]LogPackFactory: Copied "../../../Samples/StarterContent/Content/StarterContent/Textures/T_Brick_Clay_Old_N.uasset" to "../../../../../../../Games Design/UbisoftWorld/Unreal/Survive/Content/StarterContent/Textures/T_Brick_Clay_Old_N.uasset"
[2017.04.11-12.55.57:768][  0]LogPackFactory: Copied "../../../Samples/StarterContent/Content/StarterContent/Textures/T_Brick_Cut_Stone_D.uasset" to "../../../../../../../Games Design/UbisoftWorld/Unreal/Survive/Content/StarterContent/Textures/T_Brick_Cut_Stone_D.uasset"
[2017.04.11-12.55.57:846][  0]LogPackFactory: Copied "../../../Samples/StarterContent/Content/StarterContent/Textures/T_Brick_Cut_Stone_N.uasset" to "../../../../../../../Games Design/UbisoftWorld/Unreal/Survive/Content/StarterContent/Textures/T_Brick_Cut_Stone_N.uasset"
[2017.04.11-12.55.57:992][  0]LogPackFactory: Copied "../../../Samples/StarterContent/Content/StarterContent/Textures/T_Brick_Hewn_Stone_D.uasset" to "../../../../../../../Games Design/UbisoftWorld/Unreal/Survive/Content/StarterContent/Textures/T_Brick_Hewn_Stone_D.uasset"
[2017.04.11-12.55.58:233][  0]LogPackFactory: Copied "../../../Samples/StarterContent/Content/StarterContent/Textures/T_Brick_Hewn_Stone_M.uasset" to "../../../../../../../Games Design/UbisoftWorld/Unreal/Survive/Content/StarterContent/Textures/T_Brick_Hewn_Stone_M.uasset"
[2017.04.11-12.55.58:334][  0]LogPackFactory: Copied "../../../Samples/StarterContent/Content/StarterContent/Textures/T_Brick_Hewn_Stone_N.uasset" to "../../../../../../../Games Design/UbisoftWorld/Unreal/Survive/Content/StarterContent/Textures/T_Brick_Hewn_Stone_N.uasset"
[2017.04.11-12.55.58:378][  0]LogPackFactory: Copied "../../../Samples/StarterContent/Content/StarterContent/Textures/T_Burst_M.uasset" to "../../../../../../../Games Design/UbisoftWorld/Unreal/Survive/Content/StarterContent/Textures/T_Burst_M.uasset"
[2017.04.11-12.55.58:401][  0]LogPackFactory: Copied "../../../Samples/StarterContent/Content/StarterContent/Textures/T_Bush_D.uasset" to "../../../../../../../Games Design/UbisoftWorld/Unreal/Survive/Content/StarterContent/Textures/T_Bush_D.uasset"
[2017.04.11-12.55.58:418][  0]LogPackFactory: Copied "../../../Samples/StarterContent/Content/StarterContent/Textures/T_Bush_N.uasset" to "../../../../../../../Games Design/UbisoftWorld/Unreal/Survive/Content/StarterContent/Textures/T_Bush_N.uasset"
[2017.04.11-12.55.58:450][  0]LogPackFactory: Copied "../../../Samples/StarterContent/Content/StarterContent/Textures/T_Ceramic_Tile_M.uasset" to "../../../../../../../Games Design/UbisoftWorld/Unreal/Survive/Content/StarterContent/Textures/T_Ceramic_Tile_M.uasset"
[2017.04.11-12.55.58:512][  0]LogPackFactory: Copied "../../../Samples/StarterContent/Content/StarterContent/Textures/T_Ceramic_Tile_N.uasset" to "../../../../../../../Games Design/UbisoftWorld/Unreal/Survive/Content/StarterContent/Textures/T_Ceramic_Tile_N.uasset"
[2017.04.11-12.55.58:536][  0]LogPackFactory: Copied "../../../Samples/StarterContent/Content/StarterContent/Textures/T_Chair_M.uasset" to "../../../../../../../Games Design/UbisoftWorld/Unreal/Survive/Content/StarterContent/Textures/T_Chair_M.uasset"
[2017.04.11-12.55.58:562][  0]LogPackFactory: Copied "../../../Samples/StarterContent/Content/StarterContent/Textures/T_Chair_N.uasset" to "../../../../../../../Games Design/UbisoftWorld/Unreal/Survive/Content/StarterContent/Textures/T_Chair_N.uasset"
[2017.04.11-12.55.58:583][  0]LogPackFactory: Copied "../../../Samples/StarterContent/Content/StarterContent/Textures/T_Checker_Noise_M.uasset" to "../../../../../../../Games Design/UbisoftWorld/Unreal/Survive/Content/StarterContent/Textures/T_Checker_Noise_M.uasset"
[2017.04.11-12.55.58:703][  0]LogPackFactory: Copied "../../../Samples/StarterContent/Content/StarterContent/Textures/T_CobbleStone_Pebble_D.uasset" to "../../../../../../../Games Design/UbisoftWorld/Unreal/Survive/Content/StarterContent/Textures/T_CobbleStone_Pebble_D.uasset"
[2017.04.11-12.55.58:815][  0]LogPackFactory: Copied "../../../Samples/StarterContent/Content/StarterContent/Textures/T_CobbleStone_Pebble_M.uasset" to "../../../../../../../Games Design/UbisoftWorld/Unreal/Survive/Content/StarterContent/Textures/T_CobbleStone_Pebble_M.uasset"
[2017.04.11-12.55.58:967][  0]LogPackFactory: Copied "../../../Samples/StarterContent/Content/StarterContent/Textures/T_CobbleStone_Pebble_N.uasset" to "../../../../../../../Games Design/UbisoftWorld/Unreal/Survive/Content/StarterContent/Textures/T_CobbleStone_Pebble_N.uasset"
[2017.04.11-12.55.59:585][  0]LogPackFactory: Copied "../../../Samples/StarterContent/Content/StarterContent/Textures/T_CobbleStone_Rough_D.uasset" to "../../../../../../../Games Design/UbisoftWorld/Unreal/Survive/Content/StarterContent/Textures/T_CobbleStone_Rough_D.uasset"
[2017.04.11-12.55.59:618][  0]LogPackFactory: Copied "../../../Samples/StarterContent/Content/StarterContent/Textures/T_CobbleStone_Rough_N.uasset" to "../../../../../../../Games Design/UbisoftWorld/Unreal/Survive/Content/StarterContent/Textures/T_CobbleStone_Rough_N.uasset"
[2017.04.11-12.55.59:760][  0]LogPackFactory: Copied "../../../Samples/StarterContent/Content/StarterContent/Textures/T_CobbleStone_Smooth_D.uasset" to "../../../../../../../Games Design/UbisoftWorld/Unreal/Survive/Content/StarterContent/Textures/T_CobbleStone_Smooth_D.uasset"
[2017.04.11-12.55.59:820][  0]LogPackFactory: Copied "../../../Samples/StarterContent/Content/StarterContent/Textures/T_CobbleStone_Smooth_M.uasset" to "../../../../../../../Games Design/UbisoftWorld/Unreal/Survive/Content/StarterContent/Textures/T_CobbleStone_Smooth_M.uasset"
[2017.04.11-12.55.59:904][  0]LogPackFactory: Copied "../../../Samples/StarterContent/Content/StarterContent/Textures/T_CobbleStone_Smooth_N.uasset" to "../../../../../../../Games Design/UbisoftWorld/Unreal/Survive/Content/StarterContent/Textures/T_CobbleStone_Smooth_N.uasset"
[2017.04.11-12.56.00:003][  0]LogPackFactory: Copied "../../../Samples/StarterContent/Content/StarterContent/Textures/T_Concrete_Grime_D.uasset" to "../../../../../../../Games Design/UbisoftWorld/Unreal/Survive/Content/StarterContent/Textures/T_Concrete_Grime_D.uasset"
[2017.04.11-12.56.00:123][  0]LogPackFactory: Copied "../../../Samples/StarterContent/Content/StarterContent/Textures/T_Concrete_Panels_D.uasset" to "../../../../../../../Games Design/UbisoftWorld/Unreal/Survive/Content/StarterContent/Textures/T_Concrete_Panels_D.uasset"
[2017.04.11-12.56.00:210][  0]LogPackFactory: Copied "../../../Samples/StarterContent/Content/StarterContent/Textures/T_Concrete_Panels_N.uasset" to "../../../../../../../Games Design/UbisoftWorld/Unreal/Survive/Content/StarterContent/Textures/T_Concrete_Panels_N.uasset"
[2017.04.11-12.56.00:397][  0]LogPackFactory: Copied "../../../Samples/StarterContent/Content/StarterContent/Textures/T_Concrete_Poured_D.uasset" to "../../../../../../../Games Design/UbisoftWorld/Unreal/Survive/Content/StarterContent/Textures/T_Concrete_Poured_D.uasset"
[2017.04.11-12.56.00:527][  0]LogPackFactory: Copied "../../../Samples/StarterContent/Content/StarterContent/Textures/T_Concrete_Poured_N.uasset" to "../../../../../../../Games Design/UbisoftWorld/Unreal/Survive/Content/StarterContent/Textures/T_Concrete_Poured_N.uasset"
[2017.04.11-12.56.00:575][  0]LogPackFactory: Copied "../../../Samples/StarterContent/Content/StarterContent/Textures/T_Concrete_Tiles_D.uasset" to "../../../../../../../Games Design/UbisoftWorld/Unreal/Survive/Content/StarterContent/Textures/T_Concrete_Tiles_D.uasset"
[2017.04.11-12.56.00:661][  0]LogPackFactory: Copied "../../../Samples/StarterContent/Content/StarterContent/Textures/T_Concrete_Tiles_M.uasset" to "../../../../../../../Games Design/UbisoftWorld/Unreal/Survive/Content/StarterContent/Textures/T_Concrete_Tiles_M.uasset"
[2017.04.11-12.56.00:762][  0]LogPackFactory: Copied "../../../Samples/StarterContent/Content/StarterContent/Textures/T_Concrete_Tiles_N.uasset" to "../../../../../../../Games Design/UbisoftWorld/Unreal/Survive/Content/StarterContent/Textures/T_Concrete_Tiles_N.uasset"
[2017.04.11-12.56.00:815][  0]LogPackFactory: Copied "../../../Samples/StarterContent/Content/StarterContent/Textures/T_Concrete_Tiles_Variation_M.uasset" to "../../../../../../../Games Design/UbisoftWorld/Unreal/Survive/Content/StarterContent/Textures/T_Concrete_Tiles_Variation_M.uasset"
[2017.04.11-12.56.00:898][  0]LogPackFactory: Copied "../../../Samples/StarterContent/Content/StarterContent/Textures/T_Detail_Rocky_N.uasset" to "../../../../../../../Games Design/UbisoftWorld/Unreal/Survive/Content/StarterContent/Textures/T_Detail_Rocky_N.uasset"
[2017.04.11-12.56.00:927][  0]LogPackFactory: Copied "../../../Samples/StarterContent/Content/StarterContent/Textures/T_Door_M.uasset" to "../../../../../../../Games Design/UbisoftWorld/Unreal/Survive/Content/StarterContent/Textures/T_Door_M.uasset"
[2017.04.11-12.56.00:948][  0]LogPackFactory: Copied "../../../Samples/StarterContent/Content/StarterContent/Textures/T_Door_N.uasset" to "../../../../../../../Games Design/UbisoftWorld/Unreal/Survive/Content/StarterContent/Textures/T_Door_N.uasset"
[2017.04.11-12.56.00:961][  0]LogPackFactory: Copied "../../../Samples/StarterContent/Content/StarterContent/Textures/T_Dust_Particle_D.uasset" to "../../../../../../../Games Design/UbisoftWorld/Unreal/Survive/Content/StarterContent/Textures/T_Dust_Particle_D.uasset"
[2017.04.11-12.56.01:029][  0]LogPackFactory: Copied "../../../Samples/StarterContent/Content/StarterContent/Textures/T_Explosion_SubUV.uasset" to "../../../../../../../Games Design/UbisoftWorld/Unreal/Survive/Content/StarterContent/Textures/T_Explosion_SubUV.uasset"
[2017.04.11-12.56.01:055][  0]LogPackFactory: Copied "../../../Samples/StarterContent/Content/StarterContent/Textures/T_Fire_SubUV.uasset" to "../../../../../../../Games Design/UbisoftWorld/Unreal/Survive/Content/StarterContent/Textures/T_Fire_SubUV.uasset"
[2017.04.11-12.56.01:075][  0]LogPackFactory: Copied "../../../Samples/StarterContent/Content/StarterContent/Textures/T_Fire_Tiled_D.uasset" to "../../../../../../../Games Design/UbisoftWorld/Unreal/Survive/Content/StarterContent/Textures/T_Fire_Tiled_D.uasset"
[2017.04.11-12.56.01:107][  0]LogPackFactory: Copied "../../../Samples/StarterContent/Content/StarterContent/Textures/T_Frame_M.uasset" to "../../../../../../../Games Design/UbisoftWorld/Unreal/Survive/Content/StarterContent/Textures/T_Frame_M.uasset"
[2017.04.11-12.56.01:145][  0]LogPackFactory: Copied "../../../Samples/StarterContent/Content/StarterContent/Textures/T_Frame_N.uasset" to "../../../../../../../Games Design/UbisoftWorld/Unreal/Survive/Content/StarterContent/Textures/T_Frame_N.uasset"
[2017.04.11-12.56.01:163][  0]LogPackFactory: Copied "../../../Samples/StarterContent/Content/StarterContent/Textures/T_Gradinet_01.uasset" to "../../../../../../../Games Design/UbisoftWorld/Unreal/Survive/Content/StarterContent/Textures/T_Gradinet_01.uasset"
[2017.04.11-12.56.01:303][  0]LogPackFactory: Copied "../../../Samples/StarterContent/Content/StarterContent/Textures/T_Ground_Grass_D.uasset" to "../../../../../../../Games Design/UbisoftWorld/Unreal/Survive/Content/StarterContent/Textures/T_Ground_Grass_D.uasset"
[2017.04.11-12.56.01:392][  0]LogPackFactory: Copied "../../../Samples/StarterContent/Content/StarterContent/Textures/T_Ground_Grass_N.uasset" to "../../../../../../../Games Design/UbisoftWorld/Unreal/Survive/Content/StarterContent/Textures/T_Ground_Grass_N.uasset"
[2017.04.11-12.56.02:058][  0]LogPackFactory: Copied "../../../Samples/StarterContent/Content/StarterContent/Textures/T_Ground_Gravel_D.uasset" to "../../../../../../../Games Design/UbisoftWorld/Unreal/Survive/Content/StarterContent/Textures/T_Ground_Gravel_D.uasset"
[2017.04.11-12.56.02:256][  0]LogPackFactory: Copied "../../../Samples/StarterContent/Content/StarterContent/Textures/T_Ground_Gravel_N.uasset" to "../../../../../../../Games Design/UbisoftWorld/Unreal/Survive/Content/StarterContent/Textures/T_Ground_Gravel_N.uasset"
[2017.04.11-12.56.02:524][  0]LogPackFactory: Copied "../../../Samples/StarterContent/Content/StarterContent/Textures/T_ground_Moss_D.uasset" to "../../../../../../../Games Design/UbisoftWorld/Unreal/Survive/Content/StarterContent/Textures/T_ground_Moss_D.uasset"
[2017.04.11-12.56.02:990][  0]LogPackFactory: Copied "../../../Samples/StarterContent/Content/StarterContent/Textures/T_Ground_Moss_N.uasset" to "../../../../../../../Games Design/UbisoftWorld/Unreal/Survive/Content/StarterContent/Textures/T_Ground_Moss_N.uasset"
[2017.04.11-12.56.03:131][  0]LogPackFactory: Copied "../../../Samples/StarterContent/Content/StarterContent/Textures/T_Lamp_M.uasset" to "../../../../../../../Games Design/UbisoftWorld/Unreal/Survive/Content/StarterContent/Textures/T_Lamp_M.uasset"
[2017.04.11-12.56.03:206][  0]LogPackFactory: Copied "../../../Samples/StarterContent/Content/StarterContent/Textures/T_Lamp_N.uasset" to "../../../../../../../Games Design/UbisoftWorld/Unreal/Survive/Content/StarterContent/Textures/T_Lamp_N.uasset"
[2017.04.11-12.56.03:364][  0]LogPackFactory: Copied "../../../Samples/StarterContent/Content/StarterContent/Textures/T_MacroVariation.uasset" to "../../../../../../../Games Design/UbisoftWorld/Unreal/Survive/Content/StarterContent/Textures/T_MacroVariation.uasset"
[2017.04.11-12.56.03:491][  0]LogPackFactory: Copied "../../../Samples/StarterContent/Content/StarterContent/Textures/T_Metal_Aluminum_D.uasset" to "../../../../../../../Games Design/UbisoftWorld/Unreal/Survive/Content/StarterContent/Textures/T_Metal_Aluminum_D.uasset"
[2017.04.11-12.56.03:596][  0]LogPackFactory: Copied "../../../Samples/StarterContent/Content/StarterContent/Textures/T_Metal_Copper_D.uasset" to "../../../../../../../Games Design/UbisoftWorld/Unreal/Survive/Content/StarterContent/Textures/T_Metal_Copper_D.uasset"
[2017.04.11-12.56.03:774][  0]LogPackFactory: Copied "../../../Samples/StarterContent/Content/StarterContent/Textures/T_Metal_Gold_D.uasset" to "../../../../../../../Games Design/UbisoftWorld/Unreal/Survive/Content/StarterContent/Textures/T_Metal_Gold_D.uasset"
[2017.04.11-12.56.03:904][  0]LogPackFactory: Copied "../../../Samples/StarterContent/Content/StarterContent/Textures/T_Metal_Gold_N.uasset" to "../../../../../../../Games Design/UbisoftWorld/Unreal/Survive/Content/StarterContent/Textures/T_Metal_Gold_N.uasset"
[2017.04.11-12.56.04:117][  0]LogPackFactory: Copied "../../../Samples/StarterContent/Content/StarterContent/Textures/T_Metal_Rust_D.uasset" to "../../../../../../../Games Design/UbisoftWorld/Unreal/Survive/Content/StarterContent/Textures/T_Metal_Rust_D.uasset"
[2017.04.11-12.56.04:188][  0]LogPackFactory: Copied "../../../Samples/StarterContent/Content/StarterContent/Textures/T_Metal_Rust_N.uasset" to "../../../../../../../Games Design/UbisoftWorld/Unreal/Survive/Content/StarterContent/Textures/T_Metal_Rust_N.uasset"
[2017.04.11-12.56.04:233][  0]LogPackFactory: Copied "../../../Samples/StarterContent/Content/StarterContent/Textures/T_Metal_Steel_D.uasset" to "../../../../../../../Games Design/UbisoftWorld/Unreal/Survive/Content/StarterContent/Textures/T_Metal_Steel_D.uasset"
[2017.04.11-12.56.04:392][  0]LogPackFactory: Copied "../../../Samples/StarterContent/Content/StarterContent/Textures/T_Metal_Steel_N.uasset" to "../../../../../../../Games Design/UbisoftWorld/Unreal/Survive/Content/StarterContent/Textures/T_Metal_Steel_N.uasset"
[2017.04.11-12.56.04:503][  0]LogPackFactory: Copied "../../../Samples/StarterContent/Content/StarterContent/Textures/T_Perlin_Noise_M.uasset" to "../../../../../../../Games Design/UbisoftWorld/Unreal/Survive/Content/StarterContent/Textures/T_Perlin_Noise_M.uasset"
[2017.04.11-12.56.04:555][  0]LogPackFactory: Copied "../../../Samples/StarterContent/Content/StarterContent/Textures/T_RockMesh_M.uasset" to "../../../../../../../Games Design/UbisoftWorld/Unreal/Survive/Content/StarterContent/Textures/T_RockMesh_M.uasset"
[2017.04.11-12.56.04:705][  0]LogPackFactory: Copied "../../../Samples/StarterContent/Content/StarterContent/Textures/T_RockMesh_N.uasset" to "../../../../../../../Games Design/UbisoftWorld/Unreal/Survive/Content/StarterContent/Textures/T_RockMesh_N.uasset"
[2017.04.11-12.56.04:900][  0]LogPackFactory: Copied "../../../Samples/StarterContent/Content/StarterContent/Textures/T_Rock_Basalt_D.uasset" to "../../../../../../../Games Design/UbisoftWorld/Unreal/Survive/Content/StarterContent/Textures/T_Rock_Basalt_D.uasset"
[2017.04.11-12.56.05:069][  0]LogPackFactory: Copied "../../../Samples/StarterContent/Content/StarterContent/Textures/T_Rock_Basalt_N.uasset" to "../../../../../../../Games Design/UbisoftWorld/Unreal/Survive/Content/StarterContent/Textures/T_Rock_Basalt_N.uasset"
[2017.04.11-12.56.05:315][  0]LogPackFactory: Copied "../../../Samples/StarterContent/Content/StarterContent/Textures/T_Rock_Marble_Polished_D.uasset" to "../../../../../../../Games Design/UbisoftWorld/Unreal/Survive/Content/StarterContent/Textures/T_Rock_Marble_Polished_D.uasset"
[2017.04.11-12.56.05:494][  0]LogPackFactory: Copied "../../../Samples/StarterContent/Content/StarterContent/Textures/T_Rock_Sandstone_D.uasset" to "../../../../../../../Games Design/UbisoftWorld/Unreal/Survive/Content/StarterContent/Textures/T_Rock_Sandstone_D.uasset"
[2017.04.11-12.56.06:529][  0]LogPackFactory: Copied "../../../Samples/StarterContent/Content/StarterContent/Textures/T_Rock_Sandstone_N.uasset" to "../../../../../../../Games Design/UbisoftWorld/Unreal/Survive/Content/StarterContent/Textures/T_Rock_Sandstone_N.uasset"
[2017.04.11-12.56.06:913][  0]LogPackFactory: Copied "../../../Samples/StarterContent/Content/StarterContent/Textures/T_Rock_Slate_D.uasset" to "../../../../../../../Games Design/UbisoftWorld/Unreal/Survive/Content/StarterContent/Textures/T_Rock_Slate_D.uasset"
[2017.04.11-12.56.07:306][  0]LogPackFactory: Copied "../../../Samples/StarterContent/Content/StarterContent/Textures/T_Rock_Slate_N.uasset" to "../../../../../../../Games Design/UbisoftWorld/Unreal/Survive/Content/StarterContent/Textures/T_Rock_Slate_N.uasset"
[2017.04.11-12.56.07:627][  0]LogPackFactory: Copied "../../../Samples/StarterContent/Content/StarterContent/Textures/T_Rock_Smooth_Granite_D.uasset" to "../../../../../../../Games Design/UbisoftWorld/Unreal/Survive/Content/StarterContent/Textures/T_Rock_Smooth_Granite_D.uasset"
[2017.04.11-12.56.07:974][  0]LogPackFactory: Copied "../../../Samples/StarterContent/Content/StarterContent/Textures/T_Shelf_M.uasset" to "../../../../../../../Games Design/UbisoftWorld/Unreal/Survive/Content/StarterContent/Textures/T_Shelf_M.uasset"
[2017.04.11-12.56.08:225][  0]LogPackFactory: Copied "../../../Samples/StarterContent/Content/StarterContent/Textures/T_Shelf_N.uasset" to "../../../../../../../Games Design/UbisoftWorld/Unreal/Survive/Content/StarterContent/Textures/T_Shelf_N.uasset"
[2017.04.11-12.56.08:285][  0]LogPackFactory: Copied "../../../Samples/StarterContent/Content/StarterContent/Textures/T_Single_Tile_N.uasset" to "../../../../../../../Games Design/UbisoftWorld/Unreal/Survive/Content/StarterContent/Textures/T_Single_Tile_N.uasset"
[2017.04.11-12.56.08:740][  0]LogPackFactory: Copied "../../../Samples/StarterContent/Content/StarterContent/Textures/T_Smoke_SubUV.uasset" to "../../../../../../../Games Design/UbisoftWorld/Unreal/Survive/Content/StarterContent/Textures/T_Smoke_SubUV.uasset"
[2017.04.11-12.56.08:991][  0]LogPackFactory: Copied "../../../Samples/StarterContent/Content/StarterContent/Textures/T_Smoke_Tiled_D.uasset" to "../../../../../../../Games Design/UbisoftWorld/Unreal/Survive/Content/StarterContent/Textures/T_Smoke_Tiled_D.uasset"
[2017.04.11-12.56.09:123][  0]LogPackFactory: Copied "../../../Samples/StarterContent/Content/StarterContent/Textures/T_Spark_Core.uasset" to "../../../../../../../Games Design/UbisoftWorld/Unreal/Survive/Content/StarterContent/Textures/T_Spark_Core.uasset"
[2017.04.11-12.56.09:179][  0]LogPackFactory: Copied "../../../Samples/StarterContent/Content/StarterContent/Textures/T_Statue_M.uasset" to "../../../../../../../Games Design/UbisoftWorld/Unreal/Survive/Content/StarterContent/Textures/T_Statue_M.uasset"
[2017.04.11-12.56.09:203][  0]LogPackFactory: Copied "../../../Samples/StarterContent/Content/StarterContent/Textures/T_Statue_N.uasset" to "../../../../../../../Games Design/UbisoftWorld/Unreal/Survive/Content/StarterContent/Textures/T_Statue_N.uasset"
[2017.04.11-12.56.09:225][  0]LogPackFactory: Copied "../../../Samples/StarterContent/Content/StarterContent/Textures/T_TableRound_M.uasset" to "../../../../../../../Games Design/UbisoftWorld/Unreal/Survive/Content/StarterContent/Textures/T_TableRound_M.uasset"
[2017.04.11-12.56.09:249][  0]LogPackFactory: Copied "../../../Samples/StarterContent/Content/StarterContent/Textures/T_TableRound_N.uasset" to "../../../../../../../Games Design/UbisoftWorld/Unreal/Survive/Content/StarterContent/Textures/T_TableRound_N.uasset"
[2017.04.11-12.56.09:267][  0]LogPackFactory: Copied "../../../Samples/StarterContent/Content/StarterContent/Textures/T_Tech_Dot_M.uasset" to "../../../../../../../Games Design/UbisoftWorld/Unreal/Survive/Content/StarterContent/Textures/T_Tech_Dot_M.uasset"
[2017.04.11-12.56.09:312][  0]LogPackFactory: Copied "../../../Samples/StarterContent/Content/StarterContent/Textures/T_Tech_Dot_N.uasset" to "../../../../../../../Games Design/UbisoftWorld/Unreal/Survive/Content/StarterContent/Textures/T_Tech_Dot_N.uasset"
[2017.04.11-12.56.09:364][  0]LogPackFactory: Copied "../../../Samples/StarterContent/Content/StarterContent/Textures/T_Tech_Hex_Tile_M.uasset" to "../../../../../../../Games Design/UbisoftWorld/Unreal/Survive/Content/StarterContent/Textures/T_Tech_Hex_Tile_M.uasset"
[2017.04.11-12.56.09:405][  0]LogPackFactory: Copied "../../../Samples/StarterContent/Content/StarterContent/Textures/T_Tech_Hex_Tile_N.uasset" to "../../../../../../../Games Design/UbisoftWorld/Unreal/Survive/Content/StarterContent/Textures/T_Tech_Hex_Tile_N.uasset"
[2017.04.11-12.56.09:457][  0]LogPackFactory: Copied "../../../Samples/StarterContent/Content/StarterContent/Textures/T_Tech_Panel_M.uasset" to "../../../../../../../Games Design/UbisoftWorld/Unreal/Survive/Content/StarterContent/Textures/T_Tech_Panel_M.uasset"
[2017.04.11-12.56.09:522][  0]LogPackFactory: Copied "../../../Samples/StarterContent/Content/StarterContent/Textures/T_Tech_Panel_N.uasset" to "../../../../../../../Games Design/UbisoftWorld/Unreal/Survive/Content/StarterContent/Textures/T_Tech_Panel_N.uasset"
[2017.04.11-12.56.09:595][  0]LogPackFactory: Copied "../../../Samples/StarterContent/Content/StarterContent/Textures/T_Water_M.uasset" to "../../../../../../../Games Design/UbisoftWorld/Unreal/Survive/Content/StarterContent/Textures/T_Water_M.uasset"
[2017.04.11-12.56.09:624][  0]LogPackFactory: Copied "../../../Samples/StarterContent/Content/StarterContent/Textures/T_Water_N.uasset" to "../../../../../../../Games Design/UbisoftWorld/Unreal/Survive/Content/StarterContent/Textures/T_Water_N.uasset"
[2017.04.11-12.56.09:709][  0]LogPackFactory: Copied "../../../Samples/StarterContent/Content/StarterContent/Textures/T_Wood_Floor_Walnut_D.uasset" to "../../../../../../../Games Design/UbisoftWorld/Unreal/Survive/Content/StarterContent/Textures/T_Wood_Floor_Walnut_D.uasset"
[2017.04.11-12.56.09:749][  0]LogPackFactory: Copied "../../../Samples/StarterContent/Content/StarterContent/Textures/T_Wood_Floor_Walnut_M.uasset" to "../../../../../../../Games Design/UbisoftWorld/Unreal/Survive/Content/StarterContent/Textures/T_Wood_Floor_Walnut_M.uasset"
[2017.04.11-12.56.09:805][  0]LogPackFactory: Copied "../../../Samples/StarterContent/Content/StarterContent/Textures/T_Wood_Floor_Walnut_N.uasset" to "../../../../../../../Games Design/UbisoftWorld/Unreal/Survive/Content/StarterContent/Textures/T_Wood_Floor_Walnut_N.uasset"
[2017.04.11-12.56.09:895][  0]LogPackFactory: Copied "../../../Samples/StarterContent/Content/StarterContent/Textures/T_Wood_Oak_D.uasset" to "../../../../../../../Games Design/UbisoftWorld/Unreal/Survive/Content/StarterContent/Textures/T_Wood_Oak_D.uasset"
[2017.04.11-12.56.09:974][  0]LogPackFactory: Copied "../../../Samples/StarterContent/Content/StarterContent/Textures/T_Wood_Oak_N.uasset" to "../../../../../../../Games Design/UbisoftWorld/Unreal/Survive/Content/StarterContent/Textures/T_Wood_Oak_N.uasset"
[2017.04.11-12.56.10:080][  0]LogPackFactory: Copied "../../../Samples/StarterContent/Content/StarterContent/Textures/T_Wood_Pine_D.uasset" to "../../../../../../../Games Design/UbisoftWorld/Unreal/Survive/Content/StarterContent/Textures/T_Wood_Pine_D.uasset"
[2017.04.11-12.56.10:128][  0]LogPackFactory: Copied "../../../Samples/StarterContent/Content/StarterContent/Textures/T_Wood_Pine_N.uasset" to "../../../../../../../Games Design/UbisoftWorld/Unreal/Survive/Content/StarterContent/Textures/T_Wood_Pine_N.uasset"
[2017.04.11-12.56.10:189][  0]LogPackFactory: Copied "../../../Samples/StarterContent/Content/StarterContent/Textures/T_Wood_Walnut_D.uasset" to "../../../../../../../Games Design/UbisoftWorld/Unreal/Survive/Content/StarterContent/Textures/T_Wood_Walnut_D.uasset"
[2017.04.11-12.56.10:247][  0]LogPackFactory: Copied "../../../Samples/StarterContent/Content/StarterContent/Textures/T_Wood_Walnut_N.uasset" to "../../../../../../../Games Design/UbisoftWorld/Unreal/Survive/Content/StarterContent/Textures/T_Wood_Walnut_N.uasset"
[2017.04.11-12.56.14:598][  0]LogRenderer: Reallocating scene render targets to support 256x256 NumSamples 1 (Frame:2).
[2017.04.11-12.56.16:094][  0]LogSavePackage: Save=267.99ms
[2017.04.11-12.56.16:094][  0]LogSavePackage: Moving '../../../../../../../Games Design/UbisoftWorld/Unreal/Survive/Saved/Floor_400x40040DAE7C842F878B71FA5D5BB92BB2734.tmp' to '../../../../../../../Games Design/UbisoftWorld/Unreal/Survive/Content/StarterContent/Architecture/Floor_400x400.uasset'
[2017.04.11-12.56.16:108][  0]LogSavePackage:Display: Finished SavePackage ../../../../../../../Games Design/UbisoftWorld/Unreal/Survive/Content/StarterContent/Architecture/Floor_400x400.uasset
[2017.04.11-12.56.16:108][  0]LogFeaturePack:Warning: Inserted 1 feature packs
[2017.04.11-12.56.16:112][  0]Cmd: MAP LOAD FILE="../../../../../../../Games Design/UbisoftWorld/Unreal/Survive/Content/ThirdPersonBP/Maps/ThirdPersonExampleMap.umap" TEMPLATE=0 SHOWPROGRESS=1 FEATURELEVEL=3
[2017.04.11-12.56.16:112][  0]LightingResults: New page: Lighting Build
[2017.04.11-12.56.16:154][  0]MapCheck: New page: Map Check
[2017.04.11-12.56.16:154][  0]LightingResults: New page: Lighting Build
[2017.04.11-12.56.19:257][  0]LogAIModule: Creating AISystem for world ThirdPersonExampleMap
[2017.04.11-12.56.19:852][  0]LogEditorServer: Finished looking for orphan Actors (0.000 secs)
[2017.04.11-12.56.19:871][  0]Cmd: MAP CHECKDEP NOCLEARLOG
[2017.04.11-12.56.19:904][  0]MapCheck: Info Map check complete: 0 Error(s), 0 Warning(s), took 32.318ms to complete.
[2017.04.11-12.56.19:904][  0]LogFileHelpers: Loading map 'ThirdPersonExampleMap' took 3.793
[2017.04.11-12.56.19:975][  0]LogWindowsTextInputMethodSystem:Display: IME system now deactivated.
[2017.04.11-12.56.22:940][  0]LogCollectionManager: Loaded 0 collections in 0.001809 seconds
[2017.04.11-12.56.23:455][  0]LogFileCache: Scanning file cache for directory 'C:/SupremeLeader/Games Design/UbisoftWorld/Unreal/Survive/Saved/Collections/' took 0.01s
[2017.04.11-12.56.23:455][  0]LogFileCache: Scanning file cache for directory 'C:/SupremeLeader/Games Design/UbisoftWorld/Unreal/Survive/Content/Developers/thisi/Collections/' took 0.01s
[2017.04.11-12.56.23:455][  0]LogFileCache: Scanning file cache for directory 'C:/SupremeLeader/Games Design/UbisoftWorld/Unreal/Survive/Content/Collections/' took 0.01s
[2017.04.11-12.56.23:455][  0]LogCollectionManager: Rebuilt the GUID cache for 0 collections in 0.000004 seconds
[2017.04.11-12.56.23:467][  0]LogContentBrowser: Native class hierarchy populated in 0.0080 seconds. Added 2246 classes and 455 folders.
[2017.04.11-12.56.23:738][  0]LogStats: UGameplayTagsManager::ConstructGameplayTagTree: Construct from data asset -  0.000 s
[2017.04.11-12.56.23:759][  0]LogStats: UGameplayTagsManager::ConstructGameplayTagTree: GameplayTagTreeChangedEvent.Broadcast -  0.001 s
[2017.04.11-12.56.23:821][  0]LogContentBrowser: Native class hierarchy updated for 'WidgetCarousel' in 0.0004 seconds. Added 0 classes and 0 folders.
[2017.04.11-12.56.23:850][  0]LogContentBrowser: Native class hierarchy updated for 'AddContentDialog' in 0.0004 seconds. Added 0 classes and 0 folders.
[2017.04.11-12.56.23:891][  0]LogCrashTracker: Crashtracker disabled due to settings.
[2017.04.11-12.56.24:129][  0]LogUObjectGlobals:Warning: Failed to find object 'Class None.'
[2017.04.11-12.56.24:244][  0]LogContentBrowser: Native class hierarchy updated for 'HierarchicalLODOutliner' in 0.0004 seconds. Added 1 classes and 2 folders.
[2017.04.11-12.56.24:245][  0]LogLoad: (Engine Initialization) Total time: 114.75 seconds
[2017.04.11-12.56.24:245][  0]LogLoad: (Engine Initialization) Total Blueprint compile time: 1.19 seconds
[2017.04.11-12.56.24:245][  0]LogExternalProfiler: No external profilers were discovered.  External profiling features will not be available.
[2017.04.11-12.56.24:254][  0]LogOcInput: OculusInput pre-init called
[2017.04.11-12.56.24:264][  0]LogOcInput: OculusInput is initialized. Init status 0. Runtime version: 1.13.0
[2017.04.11-12.56.24:662][  0]LogContentStreaming: Texture pool size now 1000 MB
[2017.04.11-12.56.24:662][  0]LogSlate: Took 0.000139 seconds to synchronously load lazily loaded font '../../../Engine/Content/Slate/Fonts/Roboto-Regular.ttf' (155K)
[2017.04.11-12.56.24:705][  0]LogSlate: Took 0.000244 seconds to synchronously load lazily loaded font '../../../Engine/Content/Slate/Fonts/Roboto-Bold.ttf' (160K)
[2017.04.11-12.56.24:814][  0]LogSlate: Took 0.053917 seconds to synchronously load lazily loaded font '../../../Engine/Content/Editor/Slate/Fonts/FontAwesome.ttf' (139K)
[2017.04.11-12.56.25:895][  0]LogRenderer: Reallocating scene render targets to support 1132x636 NumSamples 1 (Frame:3).
[2017.04.11-12.56.25:895][  0]LogSlate: Took 0.000177 seconds to synchronously load lazily loaded font '../../../Engine/Content/Slate/Fonts/Roboto-Light.ttf' (159K)
[2017.04.11-12.56.26:079][  1]LogAssetRegistry: Asset discovery search completed in 101.0024 seconds
[2017.04.11-12.56.26:079][  1]LogCollectionManager: Rebuilt the object cache for 0 collections in 0.000007 seconds (found 0 objects)
[2017.04.11-12.56.26:079][  1]LogCollectionManager: Fixed up redirectors for 0 collections in 0.000017 seconds (updated 0 objects)
[2017.04.11-13.50.05:549][983]LogAudio:Warning: Current Audio Device with ID {0.0.0.00000000}.{76f8d8f8-6b6e-47ee-9c07-e155f38fbe81} was removed. Shutting down audio device.
[2017.04.11-15.09.05:603][201]Cmd: CAMERA ALIGN ACTIVEVIEWPORTONLY
[2017.04.11-15.09.05:603][201]Can't find target actor or component.
[2017.04.11-15.09.06:076][201]Cmd: CAMERA ALIGN ACTIVEVIEWPORTONLY
[2017.04.11-15.09.06:076][201]Can't find target actor or component.
[2017.04.11-15.09.06:812][288]Cmd: CAMERA ALIGN ACTIVEVIEWPORTONLY
[2017.04.11-15.09.06:812][288]Can't find target actor or component.
[2017.04.11-15.09.08:080][424]LogEditorViewport: Clicking on Actor (LMB): StaticMeshActor (Floor)
[2017.04.11-15.09.08:725][424]LogEditorViewport: Clicking on Actor (context menu): StaticMeshActor (Floor)
[2017.04.11-15.09.10:236][547]LogEditorViewport: Clicking on Actor (LMB): StaticMeshActor (Wall7)
[2017.04.11-18.21.39:725][337]LogAudio:Warning: Current Audio Device with ID {0.0.0.00000000}.{76f8d8f8-6b6e-47ee-9c07-e155f38fbe81} was removed. Shutting down audio device.
[2017.04.12-01.48.27:841][466]LogTemp: Repeting last play command: Selected Viewport
[2017.04.12-01.48.28:260][466]LogBlueprintUserMessages: Early PlayInEditor Detection: Level '/Game/ThirdPersonBP/Maps/ThirdPersonExampleMap.ThirdPersonExampleMap:PersistentLevel' has LevelScriptBlueprint '/Game/ThirdPersonBP/Maps/ThirdPersonExampleMap.ThirdPersonExampleMap:PersistentLevel.ThirdPersonExampleMap' with GeneratedClass '/Game/ThirdPersonBP/Maps/ThirdPersonExampleMap.ThirdPersonExampleMap_C' with ClassGeneratedBy '/Game/ThirdPersonBP/Maps/ThirdPersonExampleMap.ThirdPersonExampleMap:PersistentLevel.ThirdPersonExampleMap'
[2017.04.12-01.48.28:377][466]LogPlayLevel: PlayLevel: No blueprints needed recompiling
[2017.04.12-01.48.28:703][466]PIE: New page: PIE session: ThirdPersonExampleMap (12 Apr 2017 03:48:28)
[2017.04.12-01.48.28:862][466]LogPlayLevel: Creating play world package: /Game/ThirdPersonBP/Maps/UEDPIE_0_ThirdPersonExampleMap
[2017.04.12-01.48.30:603][466]LogPlayLevel: PIE: StaticDuplicateObject took: (1.728487s)
[2017.04.12-01.48.31:389][466]LogAIModule: Creating AISystem for world ThirdPersonExampleMap
[2017.04.12-01.48.31:634][466]LogPlayLevel: PIE: World Init took: (1.019242s)
[2017.04.12-01.48.31:670][466]LogPlayLevel: PIE: Created PIE world by copying editor world from /Game/ThirdPersonBP/Maps/ThirdPersonExampleMap.ThirdPersonExampleMap to /Game/ThirdPersonBP/Maps/UEDPIE_0_ThirdPersonExampleMap.ThirdPersonExampleMap (2.831882s)
[2017.04.12-01.48.33:678][466]LogInit: XAudio2 using 'Headphones (High Definition Audio Device)' : 2 channels at 44.1 kHz using 16 bits per sample (channel mask 0x3)
[2017.04.12-01.48.33:729][466]LogInit: FAudioDevice initialized.
[2017.04.12-01.48.35:405][466]LogLoad: Game class is 'ThirdPersonGameMode_C'
[2017.04.12-01.48.36:275][466]LogWorld: Bringing World /Game/ThirdPersonBP/Maps/UEDPIE_0_ThirdPersonExampleMap.ThirdPersonExampleMap up for play (max tick rate 0) at 2017.04.12-02.48.36
[2017.04.12-01.48.36:303][466]LogWorld: Bringing up level for play took: 0.662386
[2017.04.12-01.48.44:323][466]LogContentBrowser: Native class hierarchy updated for 'MovieSceneCapture' in 0.0592 seconds. Added 11 classes and 0 folders.
[2017.04.12-01.48.44:526][466]PIE: Info Play in editor start time for /Game/ThirdPersonBP/Maps/UEDPIE_0_ThirdPersonExampleMap 16.41
[2017.04.12-01.48.44:526][466]LogBlueprintUserMessages: Late PlayInEditor Detection: Level '/Game/ThirdPersonBP/Maps/ThirdPersonExampleMap.ThirdPersonExampleMap:PersistentLevel' has LevelScriptBlueprint '/Game/ThirdPersonBP/Maps/ThirdPersonExampleMap.ThirdPersonExampleMap:PersistentLevel.ThirdPersonExampleMap' with GeneratedClass '/Game/ThirdPersonBP/Maps/ThirdPersonExampleMap.ThirdPersonExampleMap_C' with ClassGeneratedBy '/Game/ThirdPersonBP/Maps/ThirdPersonExampleMap.ThirdPersonExampleMap:PersistentLevel.ThirdPersonExampleMap'
[2017.04.12-01.55.44:447][885]LogBlueprintUserMessages: Early EndPlayMap Detection: Level '/Game/ThirdPersonBP/Maps/ThirdPersonExampleMap.ThirdPersonExampleMap:PersistentLevel' has LevelScriptBlueprint '/Game/ThirdPersonBP/Maps/ThirdPersonExampleMap.ThirdPersonExampleMap:PersistentLevel.ThirdPersonExampleMap' with GeneratedClass '/Game/ThirdPersonBP/Maps/ThirdPersonExampleMap.ThirdPersonExampleMap_C' with ClassGeneratedBy '/Game/ThirdPersonBP/Maps/ThirdPersonExampleMap.ThirdPersonExampleMap:PersistentLevel.ThirdPersonExampleMap'
[2017.04.12-01.55.45:516][885]LogBlueprintUserMessages: Late EndPlayMap Detection: Level '/Game/ThirdPersonBP/Maps/ThirdPersonExampleMap.ThirdPersonExampleMap:PersistentLevel' has LevelScriptBlueprint '/Game/ThirdPersonBP/Maps/ThirdPersonExampleMap.ThirdPersonExampleMap:PersistentLevel.ThirdPersonExampleMap' with GeneratedClass '/Game/ThirdPersonBP/Maps/ThirdPersonExampleMap.ThirdPersonExampleMap_C' with ClassGeneratedBy '/Game/ThirdPersonBP/Maps/ThirdPersonExampleMap.ThirdPersonExampleMap:PersistentLevel.ThirdPersonExampleMap'
